#
# There is insufficient memory for the Java Runtime Environment to continue.
# Native memory allocation (malloc) failed to allocate 1048576 bytes for AllocateHeap
# Possible reasons:
#   The system is out of physical RAM or swap space
#   The process is running with CompressedOops enabled, and the Java Heap may be blocking the growth of the native heap
# Possible solutions:
#   Reduce memory load on the system
#   Increase physical memory or swap space
#   Check if swap backing store is full
#   Decrease Java heap size (-Xmx/-Xms)
#   Decrease number of Java threads
#   Decrease Java thread stack sizes (-Xss)
#   Set larger code cache with -XX:ReservedCodeCacheSize=
#   JVM is running with Zero Based Compressed Oops mode in which the Java heap is
#     placed in the first 32GB address space. The Java Heap base address is the
#     maximum limit for the native heap growth. Please use -XX:HeapBaseMinAddress
#     to set the Java Heap base and to place the Java Heap above 32GB virtual address.
# This output file may be truncated or incomplete.
#
#  Out of Memory Error (memory/allocation.inline.hpp:63), pid=10328, tid=11588
#
# JRE version: Java(TM) SE Runtime Environment (10.0.2+13) (build 10.0.2+13)
# Java VM: Java HotSpot(TM) 64-Bit Server VM (10.0.2+13, mixed mode, tiered, compressed oops, g1 gc, windows-amd64)
# No core dump will be written. Minidumps are not enabled by default on client versions of Windows
#

---------------  S U M M A R Y ------------

Command Line: -XX:TieredStopAtLevel=1 -Xverify:none -Dspring.output.ansi.enabled=always -Dcom.sun.management.jmxremote -Dcom.sun.management.jmxremote.port=55450 -Dcom.sun.management.jmxremote.authenticate=false -Dcom.sun.management.jmxremote.ssl=false -Djava.rmi.server.hostname=localhost -Dspring.liveBeansView.mbeanDomain -Dspring.application.admin.enabled=true -javaagent:C:\Program Files\JetBrains\IntelliJ IDEA 2018.1.3\lib\idea_rt.jar=55451:C:\Program Files\JetBrains\IntelliJ IDEA 2018.1.3\bin -Dfile.encoding=UTF-8 org.thibaut.wheretoclimb.webapp.demo.DemoApplication

Host: Intel(R) Core(TM) i5-7300HQ CPU @ 2.50GHz, 4 cores, 15G,  Windows 10 , 64 bit Build 17134 (10.0.17134.1)
Time: Mon Sep 03 19:40:49 2018 Paris, Madrid (heure d?été) elapsed time: 3 seconds (0d 0h 0m 3s)

---------------  T H R E A D  ---------------

Current thread (0x00000246e6e71800):  VMThread "VM Thread" [stack: 0x0000005989000000,0x0000005989100000] [id=11588]

Stack: [0x0000005989000000,0x0000005989100000]
[error occurred during error reporting (printing stack bounds), id 0xe0000001]

Native frames: (J=compiled Java code, j=interpreted, Vv=VM code, C=native code)
V  [jvm.dll+0x5a01a9]
V  [jvm.dll+0x6bcf31]
V  [jvm.dll+0x6be126]
V  [jvm.dll+0x6be715]
V  [jvm.dll+0x6be6cb]
V  [jvm.dll+0x59f993]
V  [jvm.dll+0x59fda8]
C  [ntdll.dll+0x9eced]
C  [ntdll.dll+0x6c86]
C  [ntdll.dll+0x9dc1e]
C  0x00000246cb850ead

VM_Operation (0x00000059884fad20): CollectForMetadataAllocation, mode: safepoint, requested by thread 0x00000246c04cf800


---------------  P R O C E S S  ---------------

Threads class SMR info:
_java_thread_list=0x00000246e936e2f0, length=25, elements={
0x00000246c04cf800, 0x00000246e6e84800, 0x00000246e6e85800, 0x00000246e6e80000,
0x00000246e6e81000, 0x00000246e6ed0800, 0x00000246e6edb000, 0x00000246e6efb800,
0x00000246e6f08800, 0x00000246e708a800, 0x00000246e7453800, 0x00000246e7454800,
0x00000246e77d8800, 0x00000246e77dd800, 0x00000246e77cc800, 0x00000246e88ee800,
0x00000246e88fe000, 0x00000246e88ff000, 0x00000246e9095800, 0x00000246e9094000,
0x00000246e9094800, 0x00000246e9096800, 0x00000246e9093000, 0x00000246e9487000,
0x00000246e9482000
}

Java Threads: ( => current thread )
  0x00000246c04cf800 JavaThread "main" [_thread_blocked, id=10692, stack(0x0000005988400000,0x0000005988500000)]
  0x00000246e6e84800 JavaThread "Reference Handler" daemon [_thread_blocked, id=11672, stack(0x0000005989100000,0x0000005989200000)]
  0x00000246e6e85800 JavaThread "Finalizer" daemon [_thread_blocked, id=3716, stack(0x0000005989200000,0x0000005989300000)]
  0x00000246e6e80000 JavaThread "Signal Dispatcher" daemon [_thread_blocked, id=1368, stack(0x0000005989300000,0x0000005989400000)]
  0x00000246e6e81000 JavaThread "Attach Listener" daemon [_thread_blocked, id=10988, stack(0x0000005989400000,0x0000005989500000)]
  0x00000246e6ed0800 JavaThread "C1 CompilerThread0" daemon [_thread_blocked, id=10576, stack(0x0000005989500000,0x0000005989600000)]
  0x00000246e6edb000 JavaThread "C1 CompilerThread1" daemon [_thread_blocked, id=72, stack(0x0000005989600000,0x0000005989700000)]
  0x00000246e6efb800 JavaThread "C1 CompilerThread2" daemon [_thread_blocked, id=12224, stack(0x0000005989700000,0x0000005989800000)]
  0x00000246e6f08800 JavaThread "Sweeper thread" daemon [_thread_blocked, id=6600, stack(0x0000005989800000,0x0000005989900000)]
  0x00000246e708a800 JavaThread "Common-Cleaner" daemon [_thread_blocked, id=7296, stack(0x0000005989900000,0x0000005989a00000)]
  0x00000246e7453800 JavaThread "Monitor Ctrl-Break" daemon [_thread_in_native, id=10812, stack(0x0000005989a00000,0x0000005989b00000)]
  0x00000246e7454800 JavaThread "Service Thread" daemon [_thread_blocked, id=1944, stack(0x0000005989b00000,0x0000005989c00000)]
  0x00000246e77d8800 JavaThread "RMI TCP Accept-0" daemon [_thread_in_native, id=7516, stack(0x0000005989c00000,0x0000005989d00000)]
  0x00000246e77dd800 JavaThread "RMI TCP Accept-55450" daemon [_thread_in_native, id=11420, stack(0x0000005989d00000,0x0000005989e00000)]
  0x00000246e77cc800 JavaThread "RMI TCP Accept-0" daemon [_thread_in_native, id=6244, stack(0x0000005989e00000,0x0000005989f00000)]
  0x00000246e88ee800 JavaThread "RMI TCP Connection(1)-127.0.0.1" daemon [_thread_in_native, id=9948, stack(0x000000598a100000,0x000000598a200000)]
  0x00000246e88fe000 JavaThread "RMI TCP Connection(2)-127.0.0.1" daemon [_thread_in_native, id=2756, stack(0x000000598a200000,0x000000598a300000)]
  0x00000246e88ff000 JavaThread "RMI Scheduler(0)" daemon [_thread_blocked, id=6816, stack(0x000000598a300000,0x000000598a400000)]
  0x00000246e9095800 JavaThread "Tomcat-startStop-1" daemon [_thread_blocked, id=1664, stack(0x000000598a000000,0x000000598a100000)]
  0x00000246e9094000 JavaThread "localhost-startStop-1" daemon [_thread_blocked, id=10784, stack(0x000000598a400000,0x000000598a500000)]
  0x00000246e9094800 JavaThread "ContainerBackgroundProcessor[StandardEngine[Tomcat]]" daemon [_thread_blocked, id=2728, stack(0x000000598a500000,0x000000598a600000)]
  0x00000246e9096800 JavaThread "container-0" [_thread_blocked, id=11344, stack(0x000000598a600000,0x000000598a700000)]
  0x00000246e9093000 JavaThread "PostgreSQL-JDBC-SharedTimer-1" daemon [_thread_blocked, id=3860, stack(0x000000598a800000,0x000000598a900000)]
  0x00000246e9487000 JavaThread "HikariPool-1 housekeeper" daemon [_thread_blocked, id=9232, stack(0x000000598a900000,0x000000598aa00000)]
  0x00000246e9482000 JavaThread "HikariPool-1 connection adder" daemon [_thread_blocked, id=10080, stack(0x000000598aa00000,0x000000598ab00000)]

Other Threads:
=>0x00000246e6e71800 VMThread "VM Thread" [stack: 0x0000005989000000,0x0000005989100000] [id=11588]
  0x00000246e77ce800 WatcherThread [stack: 0x0000005989f00000,0x000000598a000000] [id=11876]
  0x00000246c04e9000 GCTaskThread "GC Thread#0" [stack: 0x0000005988500000,0x0000005988600000] [id=10992]
  0x00000246c04ea800 GCTaskThread "GC Thread#1" [stack: 0x0000005988600000,0x0000005988700000] [id=2944]
  0x00000246c04ed000 GCTaskThread "GC Thread#2" [stack: 0x0000005988700000,0x0000005988800000] [id=8552]
  0x00000246c04ee800 GCTaskThread "GC Thread#3" [stack: 0x0000005988800000,0x0000005988900000] [id=9544]
  0x00000246c053e000 ConcurrentGCThread "G1 Main Marker" [stack: 0x0000005988900000,0x0000005988a00000] [id=11568]
  0x00000246c0541000 ConcurrentGCThread "G1 Conc#0" [stack: 0x0000005988a00000,0x0000005988b00000] [id=4444]
  0x00000246e409d800 ConcurrentGCThread "G1 Refine#0" [stack: 0x0000005988b00000,0x0000005988c00000] [id=7656]
  0x00000246e409e000 ConcurrentGCThread "G1 Refine#1" [stack: 0x0000005988c00000,0x0000005988d00000] [id=8304]
  0x00000246e409f000 ConcurrentGCThread "G1 Refine#2" [stack: 0x0000005988d00000,0x0000005988e00000] [id=9384]
  0x00000246e40a3800 ConcurrentGCThread "G1 Refine#3" [stack: 0x0000005988e00000,0x0000005988f00000] [id=364]
  0x00000246e40a5000 ConcurrentGCThread "G1 Young RemSet Sampling" [stack: 0x0000005988f00000,0x0000005989000000] [id=8728]

Threads with active compile tasks:

VM state:at safepoint (normal execution)

VM Mutex/Monitor currently owned by a thread:  ([mutex/lock_event])
[0x00000246c04cd790] Threads_lock - owner thread: 0x00000246e6e71800
[0x00000246c04cd310] Heap_lock - owner thread: 0x00000246c04cf800

Heap address: 0x00000006c1c00000, size: 4068 MB, Compressed Oops mode: Zero based, Oop shift amount: 3
Narrow klass base: 0x0000000000000000, Narrow klass shift: 3
Compressed class space size: 1073741824 Address: 0x00000007c0000000

Heap:
 garbage-first heap   total 315392K, used 24412K [0x00000006c1c00000, 0x00000007c0000000)
  region size 1024K, 5 young (5120K), 5 survivors (5120K)
 Metaspace       used 44036K, capacity 45065K, committed 45392K, reserved 1099776K
  class space    used 5437K, capacity 5889K, committed 6016K, reserved 1048576K
Heap Regions: E=young(eden), S=young(survivor), O=old, HS=humongous(starts), HC=humongous(continues), CS=collection set, F=free, A=archive, TS=gc time stamp, AC=allocation context, TAMS=top-at-mark-start (previous, next)
|   0|0x00000006c1c00000, 0x00000006c1d00000, 0x00000006c1d00000|100%| O|  |TS  0|AC  0|TAMS 0x00000006c1d00000, 0x00000006c1d00000|
|   1|0x00000006c1d00000, 0x00000006c1e00000, 0x00000006c1e00000|100%| O|  |TS  0|AC  0|TAMS 0x00000006c1e00000, 0x00000006c1e00000|
|   2|0x00000006c1e00000, 0x00000006c1f00000, 0x00000006c1f00000|100%| O|  |TS  0|AC  0|TAMS 0x00000006c1f00000, 0x00000006c1f00000|
|   3|0x00000006c1f00000, 0x00000006c2000000, 0x00000006c2000000|100%| O|  |TS  0|AC  0|TAMS 0x00000006c2000000, 0x00000006c2000000|
|   4|0x00000006c2000000, 0x00000006c2100000, 0x00000006c2100000|100%| O|  |TS  0|AC  0|TAMS 0x00000006c2100000, 0x00000006c2100000|
|   5|0x00000006c2100000, 0x00000006c2200000, 0x00000006c2200000|100%| O|  |TS  1|AC  0|TAMS 0x00000006c2151200, 0x00000006c2200000|
|   6|0x00000006c2200000, 0x00000006c2300000, 0x00000006c2300000|100%| O|  |TS  1|AC  0|TAMS 0x00000006c2200000, 0x00000006c2300000|
|   7|0x00000006c2300000, 0x00000006c2400000, 0x00000006c2400000|100%| O|  |TS  1|AC  0|TAMS 0x00000006c2300000, 0x00000006c2400000|
|   8|0x00000006c2400000, 0x00000006c2500000, 0x00000006c2500000|100%| O|  |TS  1|AC  0|TAMS 0x00000006c2400000, 0x00000006c2500000|
|   9|0x00000006c2500000, 0x00000006c2600000, 0x00000006c2600000|100%| O|  |TS  1|AC  0|TAMS 0x00000006c2500000, 0x00000006c2600000|
|  10|0x00000006c2600000, 0x00000006c2700000, 0x00000006c2700000|100%| O|  |TS  1|AC  0|TAMS 0x00000006c2600000, 0x00000006c2700000|
|  11|0x00000006c2700000, 0x00000006c2800000, 0x00000006c2800000|100%| O|  |TS  1|AC  0|TAMS 0x00000006c2700000, 0x00000006c2800000|
|  12|0x00000006c2800000, 0x00000006c2900000, 0x00000006c2900000|100%| O|  |TS  1|AC  0|TAMS 0x00000006c2800000, 0x00000006c2900000|
|  13|0x00000006c2900000, 0x00000006c2a00000, 0x00000006c2a00000|100%| O|  |TS  1|AC  0|TAMS 0x00000006c2900000, 0x00000006c2a00000|
|  14|0x00000006c2a00000, 0x00000006c2b00000, 0x00000006c2b00000|100%| O|  |TS  1|AC  0|TAMS 0x00000006c2a00000, 0x00000006c2b00000|
|  15|0x00000006c2b00000, 0x00000006c2c00000, 0x00000006c2c00000|100%| O|  |TS  1|AC  0|TAMS 0x00000006c2b00000, 0x00000006c2c00000|
|  16|0x00000006c2c00000, 0x00000006c2d00000, 0x00000006c2d00000|100%| O|  |TS  1|AC  0|TAMS 0x00000006c2c00000, 0x00000006c2d00000|
|  17|0x00000006c2d00000, 0x00000006c2e00000, 0x00000006c2e00000|100%| O|  |TS  1|AC  0|TAMS 0x00000006c2d00000, 0x00000006c2e00000|
|  18|0x00000006c2e00000, 0x00000006c2f00000, 0x00000006c2f00000|100%| O|  |TS  1|AC  0|TAMS 0x00000006c2e00000, 0x00000006c2f00000|
|  19|0x00000006c2f00000, 0x00000006c2f57000, 0x00000006c3000000| 33%| O|  |TS  1|AC  0|TAMS 0x00000006c2f00000, 0x00000006c2f57000|
|  20|0x00000006c3000000, 0x00000006c3000000, 0x00000006c3100000|  0%| F|  |TS  0|AC  0|TAMS 0x00000006c3000000, 0x00000006c3000000|
|  21|0x00000006c3100000, 0x00000006c3100000, 0x00000006c3200000|  0%| F|  |TS  0|AC  0|TAMS 0x00000006c3100000, 0x00000006c3100000|
|  22|0x00000006c3200000, 0x00000006c3200000, 0x00000006c3300000|  0%| F|  |TS  0|AC  0|TAMS 0x00000006c3200000, 0x00000006c3200000|
|  23|0x00000006c3300000, 0x00000006c3300000, 0x00000006c3400000|  0%| F|  |TS  0|AC  0|TAMS 0x00000006c3300000, 0x00000006c3300000|
|  24|0x00000006c3400000, 0x00000006c3400000, 0x00000006c3500000|  0%| F|  |TS  0|AC  0|TAMS 0x00000006c3400000, 0x00000006c3400000|
|  25|0x00000006c3500000, 0x00000006c3500000, 0x00000006c3600000|  0%| F|  |TS  0|AC  0|TAMS 0x00000006c3500000, 0x00000006c3500000|
|  26|0x00000006c3600000, 0x00000006c3600000, 0x00000006c3700000|  0%| F|  |TS  0|AC  0|TAMS 0x00000006c3600000, 0x00000006c3600000|
|  27|0x00000006c3700000, 0x00000006c3700000, 0x00000006c3800000|  0%| F|  |TS  0|AC  0|TAMS 0x00000006c3700000, 0x00000006c3700000|
|  28|0x00000006c3800000, 0x00000006c3800000, 0x00000006c3900000|  0%| F|  |TS  0|AC  0|TAMS 0x00000006c3800000, 0x00000006c3800000|
|  29|0x00000006c3900000, 0x00000006c3900000, 0x00000006c3a00000|  0%| F|  |TS  0|AC  0|TAMS 0x00000006c3900000, 0x00000006c3900000|
|  30|0x00000006c3a00000, 0x00000006c3a00000, 0x00000006c3b00000|  0%| F|  |TS  0|AC  0|TAMS 0x00000006c3a00000, 0x00000006c3a00000|
|  31|0x00000006c3b00000, 0x00000006c3b00000, 0x00000006c3c00000|  0%| F|  |TS  0|AC  0|TAMS 0x00000006c3b00000, 0x00000006c3b00000|
|  32|0x00000006c3c00000, 0x00000006c3c00000, 0x00000006c3d00000|  0%| F|  |TS  0|AC  0|TAMS 0x00000006c3c00000, 0x00000006c3c00000|
|  33|0x00000006c3d00000, 0x00000006c3d00000, 0x00000006c3e00000|  0%| F|  |TS  0|AC  0|TAMS 0x00000006c3d00000, 0x00000006c3d00000|
|  34|0x00000006c3e00000, 0x00000006c3e00000, 0x00000006c3f00000|  0%| F|  |TS  0|AC  0|TAMS 0x00000006c3e00000, 0x00000006c3e00000|
|  35|0x00000006c3f00000, 0x00000006c3f00000, 0x00000006c4000000|  0%| F|  |TS  0|AC  0|TAMS 0x00000006c3f00000, 0x00000006c3f00000|
|  36|0x00000006c4000000, 0x00000006c4000000, 0x00000006c4100000|  0%| F|  |TS  0|AC  0|TAMS 0x00000006c4000000, 0x00000006c4000000|
|  37|0x00000006c4100000, 0x00000006c4100000, 0x00000006c4200000|  0%| F|  |TS  0|AC  0|TAMS 0x00000006c4100000, 0x00000006c4100000|
|  38|0x00000006c4200000, 0x00000006c4200000, 0x00000006c4300000|  0%| F|  |TS  0|AC  0|TAMS 0x00000006c4200000, 0x00000006c4200000|
|  39|0x00000006c4300000, 0x00000006c4300000, 0x00000006c4400000|  0%| F|  |TS  0|AC  0|TAMS 0x00000006c4300000, 0x00000006c4300000|
|  40|0x00000006c4400000, 0x00000006c4400000, 0x00000006c4500000|  0%| F|  |TS  0|AC  0|TAMS 0x00000006c4400000, 0x00000006c4400000|
|  41|0x00000006c4500000, 0x00000006c4500000, 0x00000006c4600000|  0%| F|  |TS  0|AC  0|TAMS 0x00000006c4500000, 0x00000006c4500000|
|  42|0x00000006c4600000, 0x00000006c4600000, 0x00000006c4700000|  0%| F|  |TS  0|AC  0|TAMS 0x00000006c4600000, 0x00000006c4600000|
|  43|0x00000006c4700000, 0x00000006c4700000, 0x00000006c4800000|  0%| F|  |TS  0|AC  0|TAMS 0x00000006c4700000, 0x00000006c4700000|
|  44|0x00000006c4800000, 0x00000006c4800000, 0x00000006c4900000|  0%| F|  |TS  0|AC  0|TAMS 0x00000006c4800000, 0x00000006c4800000|
|  45|0x00000006c4900000, 0x00000006c4900000, 0x00000006c4a00000|  0%| F|  |TS  0|AC  0|TAMS 0x00000006c4900000, 0x00000006c4900000|
|  46|0x00000006c4a00000, 0x00000006c4a00000, 0x00000006c4b00000|  0%| F|  |TS  0|AC  0|TAMS 0x00000006c4a00000, 0x00000006c4a00000|
|  47|0x00000006c4b00000, 0x00000006c4b00000, 0x00000006c4c00000|  0%| F|  |TS  0|AC  0|TAMS 0x00000006c4b00000, 0x00000006c4b00000|
|  48|0x00000006c4c00000, 0x00000006c4c00000, 0x00000006c4d00000|  0%| F|  |TS  0|AC  0|TAMS 0x00000006c4c00000, 0x00000006c4c00000|
|  49|0x00000006c4d00000, 0x00000006c4d00000, 0x00000006c4e00000|  0%| F|  |TS  0|AC  0|TAMS 0x00000006c4d00000, 0x00000006c4d00000|
|  50|0x00000006c4e00000, 0x00000006c4e00000, 0x00000006c4f00000|  0%| F|  |TS  0|AC  0|TAMS 0x00000006c4e00000, 0x00000006c4e00000|
|  51|0x00000006c4f00000, 0x00000006c4f00000, 0x00000006c5000000|  0%| F|  |TS  0|AC  0|TAMS 0x00000006c4f00000, 0x00000006c4f00000|
|  52|0x00000006c5000000, 0x00000006c5000000, 0x00000006c5100000|  0%| F|  |TS  0|AC  0|TAMS 0x00000006c5000000, 0x00000006c5000000|
|  53|0x00000006c5100000, 0x00000006c5100000, 0x00000006c5200000|  0%| F|  |TS  0|AC  0|TAMS 0x00000006c5100000, 0x00000006c5100000|
|  54|0x00000006c5200000, 0x00000006c5200000, 0x00000006c5300000|  0%| F|  |TS  0|AC  0|TAMS 0x00000006c5200000, 0x00000006c5200000|
|  55|0x00000006c5300000, 0x00000006c5300000, 0x00000006c5400000|  0%| F|  |TS  0|AC  0|TAMS 0x00000006c5300000, 0x00000006c5300000|
|  56|0x00000006c5400000, 0x00000006c5400000, 0x00000006c5500000|  0%| F|  |TS  0|AC  0|TAMS 0x00000006c5400000, 0x00000006c5400000|
|  57|0x00000006c5500000, 0x00000006c5500000, 0x00000006c5600000|  0%| F|  |TS  0|AC  0|TAMS 0x00000006c5500000, 0x00000006c5500000|
|  58|0x00000006c5600000, 0x00000006c5600000, 0x00000006c5700000|  0%| F|  |TS  0|AC  0|TAMS 0x00000006c5600000, 0x00000006c5600000|
|  59|0x00000006c5700000, 0x00000006c5700000, 0x00000006c5800000|  0%| F|  |TS  0|AC  0|TAMS 0x00000006c5700000, 0x00000006c5700000|
|  60|0x00000006c5800000, 0x00000006c5800000, 0x00000006c5900000|  0%| F|  |TS  0|AC  0|TAMS 0x00000006c5800000, 0x00000006c5800000|
|  61|0x00000006c5900000, 0x00000006c5900000, 0x00000006c5a00000|  0%| F|  |TS  0|AC  0|TAMS 0x00000006c5900000, 0x00000006c5900000|
|  62|0x00000006c5a00000, 0x00000006c5a00000, 0x00000006c5b00000|  0%| F|  |TS  0|AC  0|TAMS 0x00000006c5a00000, 0x00000006c5a00000|
|  63|0x00000006c5b00000, 0x00000006c5b00000, 0x00000006c5c00000|  0%| F|  |TS  0|AC  0|TAMS 0x00000006c5b00000, 0x00000006c5b00000|
|  64|0x00000006c5c00000, 0x00000006c5c00000, 0x00000006c5d00000|  0%| F|  |TS  0|AC  0|TAMS 0x00000006c5c00000, 0x00000006c5c00000|
|  65|0x00000006c5d00000, 0x00000006c5d00000, 0x00000006c5e00000|  0%| F|  |TS  0|AC  0|TAMS 0x00000006c5d00000, 0x00000006c5d00000|
|  66|0x00000006c5e00000, 0x00000006c5e00000, 0x00000006c5f00000|  0%| F|  |TS  0|AC  0|TAMS 0x00000006c5e00000, 0x00000006c5e00000|
|  67|0x00000006c5f00000, 0x00000006c5f00000, 0x00000006c6000000|  0%| F|  |TS  0|AC  0|TAMS 0x00000006c5f00000, 0x00000006c5f00000|
|  68|0x00000006c6000000, 0x00000006c6000000, 0x00000006c6100000|  0%| F|  |TS  0|AC  0|TAMS 0x00000006c6000000, 0x00000006c6000000|
|  69|0x00000006c6100000, 0x00000006c6100000, 0x00000006c6200000|  0%| F|  |TS  0|AC  0|TAMS 0x00000006c6100000, 0x00000006c6100000|
|  70|0x00000006c6200000, 0x00000006c6200000, 0x00000006c6300000|  0%| F|  |TS  0|AC  0|TAMS 0x00000006c6200000, 0x00000006c6200000|
|  71|0x00000006c6300000, 0x00000006c6300000, 0x00000006c6400000|  0%| F|  |TS  0|AC  0|TAMS 0x00000006c6300000, 0x00000006c6300000|
|  72|0x00000006c6400000, 0x00000006c6400000, 0x00000006c6500000|  0%| F|  |TS  0|AC  0|TAMS 0x00000006c6400000, 0x00000006c6400000|
|  73|0x00000006c6500000, 0x00000006c6500000, 0x00000006c6600000|  0%| F|  |TS  0|AC  0|TAMS 0x00000006c6500000, 0x00000006c6500000|
|  74|0x00000006c6600000, 0x00000006c6600000, 0x00000006c6700000|  0%| F|  |TS  0|AC  0|TAMS 0x00000006c6600000, 0x00000006c6600000|
|  75|0x00000006c6700000, 0x00000006c6700000, 0x00000006c6800000|  0%| F|  |TS  0|AC  0|TAMS 0x00000006c6700000, 0x00000006c6700000|
|  76|0x00000006c6800000, 0x00000006c6800000, 0x00000006c6900000|  0%| F|  |TS  0|AC  0|TAMS 0x00000006c6800000, 0x00000006c6800000|
|  77|0x00000006c6900000, 0x00000006c6900000, 0x00000006c6a00000|  0%| F|  |TS  0|AC  0|TAMS 0x00000006c6900000, 0x00000006c6900000|
|  78|0x00000006c6a00000, 0x00000006c6a00000, 0x00000006c6b00000|  0%| F|  |TS  0|AC  0|TAMS 0x00000006c6a00000, 0x00000006c6a00000|
|  79|0x00000006c6b00000, 0x00000006c6b00000, 0x00000006c6c00000|  0%| F|  |TS  0|AC  0|TAMS 0x00000006c6b00000, 0x00000006c6b00000|
|  80|0x00000006c6c00000, 0x00000006c6c00000, 0x00000006c6d00000|  0%| F|  |TS  0|AC  0|TAMS 0x00000006c6c00000, 0x00000006c6c00000|
|  81|0x00000006c6d00000, 0x00000006c6d00000, 0x00000006c6e00000|  0%| F|  |TS  0|AC  0|TAMS 0x00000006c6d00000, 0x00000006c6d00000|
|  82|0x00000006c6e00000, 0x00000006c6e00000, 0x00000006c6f00000|  0%| F|  |TS  0|AC  0|TAMS 0x00000006c6e00000, 0x00000006c6e00000|
|  83|0x00000006c6f00000, 0x00000006c6f00000, 0x00000006c7000000|  0%| F|  |TS  0|AC  0|TAMS 0x00000006c6f00000, 0x00000006c6f00000|
|  84|0x00000006c7000000, 0x00000006c7000000, 0x00000006c7100000|  0%| F|  |TS  0|AC  0|TAMS 0x00000006c7000000, 0x00000006c7000000|
|  85|0x00000006c7100000, 0x00000006c7100000, 0x00000006c7200000|  0%| F|  |TS  0|AC  0|TAMS 0x00000006c7100000, 0x00000006c7100000|
|  86|0x00000006c7200000, 0x00000006c7200000, 0x00000006c7300000|  0%| F|  |TS  0|AC  0|TAMS 0x00000006c7200000, 0x00000006c7200000|
|  87|0x00000006c7300000, 0x00000006c7300000, 0x00000006c7400000|  0%| F|  |TS  0|AC  0|TAMS 0x00000006c7300000, 0x00000006c7300000|
|  88|0x00000006c7400000, 0x00000006c7400000, 0x00000006c7500000|  0%| F|  |TS  0|AC  0|TAMS 0x00000006c7400000, 0x00000006c7400000|
|  89|0x00000006c7500000, 0x00000006c7500000, 0x00000006c7600000|  0%| F|  |TS  0|AC  0|TAMS 0x00000006c7500000, 0x00000006c7500000|
|  90|0x00000006c7600000, 0x00000006c7600000, 0x00000006c7700000|  0%| F|  |TS  0|AC  0|TAMS 0x00000006c7600000, 0x00000006c7600000|
|  91|0x00000006c7700000, 0x00000006c7700000, 0x00000006c7800000|  0%| F|  |TS  0|AC  0|TAMS 0x00000006c7700000, 0x00000006c7700000|
|  92|0x00000006c7800000, 0x00000006c7800000, 0x00000006c7900000|  0%| F|  |TS  0|AC  0|TAMS 0x00000006c7800000, 0x00000006c7800000|
|  93|0x00000006c7900000, 0x00000006c7900000, 0x00000006c7a00000|  0%| F|  |TS  0|AC  0|TAMS 0x00000006c7900000, 0x00000006c7900000|
|  94|0x00000006c7a00000, 0x00000006c7a00000, 0x00000006c7b00000|  0%| F|  |TS  0|AC  0|TAMS 0x00000006c7a00000, 0x00000006c7a00000|
|  95|0x00000006c7b00000, 0x00000006c7b00000, 0x00000006c7c00000|  0%| F|  |TS  0|AC  0|TAMS 0x00000006c7b00000, 0x00000006c7b00000|
|  96|0x00000006c7c00000, 0x00000006c7c00000, 0x00000006c7d00000|  0%| F|  |TS  0|AC  0|TAMS 0x00000006c7c00000, 0x00000006c7c00000|
|  97|0x00000006c7d00000, 0x00000006c7d00000, 0x00000006c7e00000|  0%| F|  |TS  0|AC  0|TAMS 0x00000006c7d00000, 0x00000006c7d00000|
|  98|0x00000006c7e00000, 0x00000006c7e00000, 0x00000006c7f00000|  0%| F|  |TS  0|AC  0|TAMS 0x00000006c7e00000, 0x00000006c7e00000|
|  99|0x00000006c7f00000, 0x00000006c7f00000, 0x00000006c8000000|  0%| F|  |TS  0|AC  0|TAMS 0x00000006c7f00000, 0x00000006c7f00000|
| 100|0x00000006c8000000, 0x00000006c8000000, 0x00000006c8100000|  0%| F|  |TS  0|AC  0|TAMS 0x00000006c8000000, 0x00000006c8000000|
| 101|0x00000006c8100000, 0x00000006c8100000, 0x00000006c8200000|  0%| F|  |TS  0|AC  0|TAMS 0x00000006c8100000, 0x00000006c8100000|
| 102|0x00000006c8200000, 0x00000006c8200000, 0x00000006c8300000|  0%| F|  |TS  0|AC  0|TAMS 0x00000006c8200000, 0x00000006c8200000|
| 103|0x00000006c8300000, 0x00000006c8300000, 0x00000006c8400000|  0%| F|  |TS  0|AC  0|TAMS 0x00000006c8300000, 0x00000006c8300000|
| 104|0x00000006c8400000, 0x00000006c8400000, 0x00000006c8500000|  0%| F|  |TS  0|AC  0|TAMS 0x00000006c8400000, 0x00000006c8400000|
| 105|0x00000006c8500000, 0x00000006c8500000, 0x00000006c8600000|  0%| F|  |TS  0|AC  0|TAMS 0x00000006c8500000, 0x00000006c8500000|
| 106|0x00000006c8600000, 0x00000006c8600000, 0x00000006c8700000|  0%| F|  |TS  0|AC  0|TAMS 0x00000006c8600000, 0x00000006c8600000|
| 107|0x00000006c8700000, 0x00000006c8700000, 0x00000006c8800000|  0%| F|  |TS  0|AC  0|TAMS 0x00000006c8700000, 0x00000006c8700000|
| 108|0x00000006c8800000, 0x00000006c8800000, 0x00000006c8900000|  0%| F|  |TS  0|AC  0|TAMS 0x00000006c8800000, 0x00000006c8800000|
| 109|0x00000006c8900000, 0x00000006c8900000, 0x00000006c8a00000|  0%| F|  |TS  0|AC  0|TAMS 0x00000006c8900000, 0x00000006c8900000|
| 110|0x00000006c8a00000, 0x00000006c8a00000, 0x00000006c8b00000|  0%| F|  |TS  0|AC  0|TAMS 0x00000006c8a00000, 0x00000006c8a00000|
| 111|0x00000006c8b00000, 0x00000006c8b00000, 0x00000006c8c00000|  0%| F|  |TS  0|AC  0|TAMS 0x00000006c8b00000, 0x00000006c8b00000|
| 112|0x00000006c8c00000, 0x00000006c8c00000, 0x00000006c8d00000|  0%| F|  |TS  0|AC  0|TAMS 0x00000006c8c00000, 0x00000006c8c00000|
| 113|0x00000006c8d00000, 0x00000006c8d00000, 0x00000006c8e00000|  0%| F|  |TS  0|AC  0|TAMS 0x00000006c8d00000, 0x00000006c8d00000|
| 114|0x00000006c8e00000, 0x00000006c8e00000, 0x00000006c8f00000|  0%| F|  |TS  0|AC  0|TAMS 0x00000006c8e00000, 0x00000006c8e00000|
| 115|0x00000006c8f00000, 0x00000006c8f00000, 0x00000006c9000000|  0%| F|  |TS  0|AC  0|TAMS 0x00000006c8f00000, 0x00000006c8f00000|
| 116|0x00000006c9000000, 0x00000006c9000000, 0x00000006c9100000|  0%| F|  |TS  0|AC  0|TAMS 0x00000006c9000000, 0x00000006c9000000|
| 117|0x00000006c9100000, 0x00000006c9100000, 0x00000006c9200000|  0%| F|  |TS  0|AC  0|TAMS 0x00000006c9100000, 0x00000006c9100000|
| 118|0x00000006c9200000, 0x00000006c9200000, 0x00000006c9300000|  0%| F|  |TS  0|AC  0|TAMS 0x00000006c9200000, 0x00000006c9200000|
| 119|0x00000006c9300000, 0x00000006c9300000, 0x00000006c9400000|  0%| F|  |TS  0|AC  0|TAMS 0x00000006c9300000, 0x00000006c9300000|
| 120|0x00000006c9400000, 0x00000006c9400000, 0x00000006c9500000|  0%| F|  |TS  0|AC  0|TAMS 0x00000006c9400000, 0x00000006c9400000|
| 121|0x00000006c9500000, 0x00000006c9500000, 0x00000006c9600000|  0%| F|  |TS  0|AC  0|TAMS 0x00000006c9500000, 0x00000006c9500000|
| 122|0x00000006c9600000, 0x00000006c9600000, 0x00000006c9700000|  0%| F|  |TS  0|AC  0|TAMS 0x00000006c9600000, 0x00000006c9600000|
| 123|0x00000006c9700000, 0x00000006c9700000, 0x00000006c9800000|  0%| F|  |TS  0|AC  0|TAMS 0x00000006c9700000, 0x00000006c9700000|
| 124|0x00000006c9800000, 0x00000006c9800000, 0x00000006c9900000|  0%| F|  |TS  0|AC  0|TAMS 0x00000006c9800000, 0x00000006c9800000|
| 125|0x00000006c9900000, 0x00000006c9900000, 0x00000006c9a00000|  0%| F|  |TS  0|AC  0|TAMS 0x00000006c9900000, 0x00000006c9900000|
| 126|0x00000006c9a00000, 0x00000006c9a00000, 0x00000006c9b00000|  0%| F|  |TS  0|AC  0|TAMS 0x00000006c9a00000, 0x00000006c9a00000|
| 127|0x00000006c9b00000, 0x00000006c9b00000, 0x00000006c9c00000|  0%| F|  |TS  0|AC  0|TAMS 0x00000006c9b00000, 0x00000006c9b00000|
| 128|0x00000006c9c00000, 0x00000006c9c00000, 0x00000006c9d00000|  0%| F|  |TS  0|AC  0|TAMS 0x00000006c9c00000, 0x00000006c9c00000|
| 129|0x00000006c9d00000, 0x00000006c9d00000, 0x00000006c9e00000|  0%| F|  |TS  0|AC  0|TAMS 0x00000006c9d00000, 0x00000006c9d00000|
| 130|0x00000006c9e00000, 0x00000006c9e00000, 0x00000006c9f00000|  0%| F|  |TS  0|AC  0|TAMS 0x00000006c9e00000, 0x00000006c9e00000|
| 131|0x00000006c9f00000, 0x00000006c9f00000, 0x00000006ca000000|  0%| F|  |TS  0|AC  0|TAMS 0x00000006c9f00000, 0x00000006c9f00000|
| 132|0x00000006ca000000, 0x00000006ca000000, 0x00000006ca100000|  0%| F|  |TS  0|AC  0|TAMS 0x00000006ca000000, 0x00000006ca000000|
| 133|0x00000006ca100000, 0x00000006ca100000, 0x00000006ca200000|  0%| F|  |TS  0|AC  0|TAMS 0x00000006ca100000, 0x00000006ca100000|
| 134|0x00000006ca200000, 0x00000006ca200000, 0x00000006ca300000|  0%| F|  |TS  0|AC  0|TAMS 0x00000006ca200000, 0x00000006ca200000|
| 135|0x00000006ca300000, 0x00000006ca300000, 0x00000006ca400000|  0%| F|  |TS  0|AC  0|TAMS 0x00000006ca300000, 0x00000006ca300000|
| 136|0x00000006ca400000, 0x00000006ca400000, 0x00000006ca500000|  0%| F|  |TS  0|AC  0|TAMS 0x00000006ca400000, 0x00000006ca400000|
| 137|0x00000006ca500000, 0x00000006ca500000, 0x00000006ca600000|  0%| F|  |TS  0|AC  0|TAMS 0x00000006ca500000, 0x00000006ca500000|
| 138|0x00000006ca600000, 0x00000006ca600000, 0x00000006ca700000|  0%| F|  |TS  0|AC  0|TAMS 0x00000006ca600000, 0x00000006ca600000|
| 139|0x00000006ca700000, 0x00000006ca700000, 0x00000006ca800000|  0%| F|  |TS  0|AC  0|TAMS 0x00000006ca700000, 0x00000006ca700000|
| 140|0x00000006ca800000, 0x00000006ca800000, 0x00000006ca900000|  0%| F|  |TS  0|AC  0|TAMS 0x00000006ca800000, 0x00000006ca800000|
| 141|0x00000006ca900000, 0x00000006ca900000, 0x00000006caa00000|  0%| F|  |TS  0|AC  0|TAMS 0x00000006ca900000, 0x00000006ca900000|
| 142|0x00000006caa00000, 0x00000006caa00000, 0x00000006cab00000|  0%| F|  |TS  0|AC  0|TAMS 0x00000006caa00000, 0x00000006caa00000|
| 143|0x00000006cab00000, 0x00000006cab00000, 0x00000006cac00000|  0%| F|  |TS  0|AC  0|TAMS 0x00000006cab00000, 0x00000006cab00000|
| 144|0x00000006cac00000, 0x00000006cac00000, 0x00000006cad00000|  0%| F|  |TS  0|AC  0|TAMS 0x00000006cac00000, 0x00000006cac00000|
| 145|0x00000006cad00000, 0x00000006cad00000, 0x00000006cae00000|  0%| F|  |TS  0|AC  0|TAMS 0x00000006cad00000, 0x00000006cad00000|
| 146|0x00000006cae00000, 0x00000006cae00000, 0x00000006caf00000|  0%| F|  |TS  0|AC  0|TAMS 0x00000006cae00000, 0x00000006cae00000|
| 147|0x00000006caf00000, 0x00000006caf00000, 0x00000006cb000000|  0%| F|  |TS  0|AC  0|TAMS 0x00000006caf00000, 0x00000006caf00000|
| 148|0x00000006cb000000, 0x00000006cb000000, 0x00000006cb100000|  0%| F|  |TS  0|AC  0|TAMS 0x00000006cb000000, 0x00000006cb000000|
| 149|0x00000006cb100000, 0x00000006cb100000, 0x00000006cb200000|  0%| F|  |TS  0|AC  0|TAMS 0x00000006cb100000, 0x00000006cb100000|
| 150|0x00000006cb200000, 0x00000006cb200000, 0x00000006cb300000|  0%| F|  |TS  0|AC  0|TAMS 0x00000006cb200000, 0x00000006cb200000|
| 151|0x00000006cb300000, 0x00000006cb300000, 0x00000006cb400000|  0%| F|  |TS  0|AC  0|TAMS 0x00000006cb300000, 0x00000006cb300000|
| 152|0x00000006cb400000, 0x00000006cb400000, 0x00000006cb500000|  0%| F|  |TS  0|AC  0|TAMS 0x00000006cb400000, 0x00000006cb400000|
| 153|0x00000006cb500000, 0x00000006cb500000, 0x00000006cb600000|  0%| F|  |TS  0|AC  0|TAMS 0x00000006cb500000, 0x00000006cb500000|
| 154|0x00000006cb600000, 0x00000006cb600000, 0x00000006cb700000|  0%| F|  |TS  0|AC  0|TAMS 0x00000006cb600000, 0x00000006cb600000|
| 155|0x00000006cb700000, 0x00000006cb700000, 0x00000006cb800000|  0%| F|  |TS  0|AC  0|TAMS 0x00000006cb700000, 0x00000006cb700000|
| 156|0x00000006cb800000, 0x00000006cb800000, 0x00000006cb900000|  0%| F|  |TS  0|AC  0|TAMS 0x00000006cb800000, 0x00000006cb800000|
| 157|0x00000006cb900000, 0x00000006cb900000, 0x00000006cba00000|  0%| F|  |TS  0|AC  0|TAMS 0x00000006cb900000, 0x00000006cb900000|
| 158|0x00000006cba00000, 0x00000006cba00000, 0x00000006cbb00000|  0%| F|  |TS  0|AC  0|TAMS 0x00000006cba00000, 0x00000006cba00000|
| 159|0x00000006cbb00000, 0x00000006cbb00000, 0x00000006cbc00000|  0%| F|  |TS  0|AC  0|TAMS 0x00000006cbb00000, 0x00000006cbb00000|
| 160|0x00000006cbc00000, 0x00000006cbc00000, 0x00000006cbd00000|  0%| F|  |TS  0|AC  0|TAMS 0x00000006cbc00000, 0x00000006cbc00000|
| 161|0x00000006cbd00000, 0x00000006cbd00000, 0x00000006cbe00000|  0%| F|  |TS  0|AC  0|TAMS 0x00000006cbd00000, 0x00000006cbd00000|
| 162|0x00000006cbe00000, 0x00000006cbe00000, 0x00000006cbf00000|  0%| F|  |TS  0|AC  0|TAMS 0x00000006cbe00000, 0x00000006cbe00000|
| 163|0x00000006cbf00000, 0x00000006cbf00000, 0x00000006cc000000|  0%| F|  |TS  0|AC  0|TAMS 0x00000006cbf00000, 0x00000006cbf00000|
| 164|0x00000006cc000000, 0x00000006cc000000, 0x00000006cc100000|  0%| F|  |TS  0|AC  0|TAMS 0x00000006cc000000, 0x00000006cc000000|
| 165|0x00000006cc100000, 0x00000006cc100000, 0x00000006cc200000|  0%| F|  |TS  0|AC  0|TAMS 0x00000006cc100000, 0x00000006cc100000|
| 166|0x00000006cc200000, 0x00000006cc200000, 0x00000006cc300000|  0%| F|  |TS  0|AC  0|TAMS 0x00000006cc200000, 0x00000006cc200000|
| 167|0x00000006cc300000, 0x00000006cc300000, 0x00000006cc400000|  0%| F|  |TS  0|AC  0|TAMS 0x00000006cc300000, 0x00000006cc300000|
| 168|0x00000006cc400000, 0x00000006cc400000, 0x00000006cc500000|  0%| F|  |TS  0|AC  0|TAMS 0x00000006cc400000, 0x00000006cc400000|
| 169|0x00000006cc500000, 0x00000006cc500000, 0x00000006cc600000|  0%| F|  |TS  0|AC  0|TAMS 0x00000006cc500000, 0x00000006cc500000|
| 170|0x00000006cc600000, 0x00000006cc600000, 0x00000006cc700000|  0%| F|  |TS  0|AC  0|TAMS 0x00000006cc600000, 0x00000006cc600000|
| 171|0x00000006cc700000, 0x00000006cc700000, 0x00000006cc800000|  0%| F|  |TS  0|AC  0|TAMS 0x00000006cc700000, 0x00000006cc700000|
| 172|0x00000006cc800000, 0x00000006cc800000, 0x00000006cc900000|  0%| F|  |TS  0|AC  0|TAMS 0x00000006cc800000, 0x00000006cc800000|
| 173|0x00000006cc900000, 0x00000006cc900000, 0x00000006cca00000|  0%| F|  |TS  0|AC  0|TAMS 0x00000006cc900000, 0x00000006cc900000|
| 174|0x00000006cca00000, 0x00000006cca00000, 0x00000006ccb00000|  0%| F|  |TS  0|AC  0|TAMS 0x00000006cca00000, 0x00000006cca00000|
| 175|0x00000006ccb00000, 0x00000006ccb00000, 0x00000006ccc00000|  0%| F|  |TS  0|AC  0|TAMS 0x00000006ccb00000, 0x00000006ccb00000|
| 176|0x00000006ccc00000, 0x00000006ccc00000, 0x00000006ccd00000|  0%| F|  |TS  0|AC  0|TAMS 0x00000006ccc00000, 0x00000006ccc00000|
| 177|0x00000006ccd00000, 0x00000006ccd00000, 0x00000006cce00000|  0%| F|  |TS  0|AC  0|TAMS 0x00000006ccd00000, 0x00000006ccd00000|
| 178|0x00000006cce00000, 0x00000006cce00000, 0x00000006ccf00000|  0%| F|  |TS  0|AC  0|TAMS 0x00000006cce00000, 0x00000006cce00000|
| 179|0x00000006ccf00000, 0x00000006ccf00000, 0x00000006cd000000|  0%| F|  |TS  0|AC  0|TAMS 0x00000006ccf00000, 0x00000006ccf00000|
| 180|0x00000006cd000000, 0x00000006cd000000, 0x00000006cd100000|  0%| F|  |TS  0|AC  0|TAMS 0x00000006cd000000, 0x00000006cd000000|
| 181|0x00000006cd100000, 0x00000006cd100000, 0x00000006cd200000|  0%| F|  |TS  0|AC  0|TAMS 0x00000006cd100000, 0x00000006cd100000|
| 182|0x00000006cd200000, 0x00000006cd200000, 0x00000006cd300000|  0%| F|  |TS  0|AC  0|TAMS 0x00000006cd200000, 0x00000006cd200000|
| 183|0x00000006cd300000, 0x00000006cd300000, 0x00000006cd400000|  0%| F|  |TS  0|AC  0|TAMS 0x00000006cd300000, 0x00000006cd300000|
| 184|0x00000006cd400000, 0x00000006cd400000, 0x00000006cd500000|  0%| F|  |TS  0|AC  0|TAMS 0x00000006cd400000, 0x00000006cd400000|
| 185|0x00000006cd500000, 0x00000006cd500000, 0x00000006cd600000|  0%| F|  |TS  0|AC  0|TAMS 0x00000006cd500000, 0x00000006cd500000|
| 186|0x00000006cd600000, 0x00000006cd600000, 0x00000006cd700000|  0%| F|  |TS  0|AC  0|TAMS 0x00000006cd600000, 0x00000006cd600000|
| 187|0x00000006cd700000, 0x00000006cd700000, 0x00000006cd800000|  0%| F|  |TS  0|AC  0|TAMS 0x00000006cd700000, 0x00000006cd700000|
| 188|0x00000006cd800000, 0x00000006cd800000, 0x00000006cd900000|  0%| F|  |TS  0|AC  0|TAMS 0x00000006cd800000, 0x00000006cd800000|
| 189|0x00000006cd900000, 0x00000006cd900000, 0x00000006cda00000|  0%| F|  |TS  0|AC  0|TAMS 0x00000006cd900000, 0x00000006cd900000|
| 190|0x00000006cda00000, 0x00000006cda00000, 0x00000006cdb00000|  0%| F|  |TS  0|AC  0|TAMS 0x00000006cda00000, 0x00000006cda00000|
| 191|0x00000006cdb00000, 0x00000006cdb00000, 0x00000006cdc00000|  0%| F|  |TS  0|AC  0|TAMS 0x00000006cdb00000, 0x00000006cdb00000|
| 192|0x00000006cdc00000, 0x00000006cdc00000, 0x00000006cdd00000|  0%| F|  |TS  0|AC  0|TAMS 0x00000006cdc00000, 0x00000006cdc00000|
| 193|0x00000006cdd00000, 0x00000006cdd00000, 0x00000006cde00000|  0%| F|  |TS  0|AC  0|TAMS 0x00000006cdd00000, 0x00000006cdd00000|
| 194|0x00000006cde00000, 0x00000006cde00000, 0x00000006cdf00000|  0%| F|  |TS  0|AC  0|TAMS 0x00000006cde00000, 0x00000006cde00000|
| 195|0x00000006cdf00000, 0x00000006cdf80000, 0x00000006ce000000| 50%| S|CS|TS  1|AC  0|TAMS 0x00000006cdf00000, 0x00000006cdf00000|
| 196|0x00000006ce000000, 0x00000006ce100000, 0x00000006ce100000|100%| S|CS|TS  1|AC  0|TAMS 0x00000006ce000000, 0x00000006ce000000|
| 197|0x00000006ce100000, 0x00000006ce200000, 0x00000006ce200000|100%| S|CS|TS  1|AC  0|TAMS 0x00000006ce100000, 0x00000006ce100000|
| 198|0x00000006ce200000, 0x00000006ce300000, 0x00000006ce300000|100%| S|CS|TS  1|AC  0|TAMS 0x00000006ce200000, 0x00000006ce200000|
| 199|0x00000006ce300000, 0x00000006ce400000, 0x00000006ce400000|100%| S|CS|TS  1|AC  0|TAMS 0x00000006ce300000, 0x00000006ce300000|
| 200|0x00000006ce400000, 0x00000006ce400000, 0x00000006ce500000|  0%| F|  |TS  1|AC  0|TAMS 0x00000006ce400000, 0x00000006ce400000|
| 201|0x00000006ce500000, 0x00000006ce500000, 0x00000006ce600000|  0%| F|  |TS  1|AC  0|TAMS 0x00000006ce500000, 0x00000006ce500000|
| 202|0x00000006ce600000, 0x00000006ce600000, 0x00000006ce700000|  0%| F|  |TS  1|AC  0|TAMS 0x00000006ce600000, 0x00000006ce600000|
| 203|0x00000006ce700000, 0x00000006ce700000, 0x00000006ce800000|  0%| F|  |TS  1|AC  0|TAMS 0x00000006ce700000, 0x00000006ce700000|
| 204|0x00000006ce800000, 0x00000006ce800000, 0x00000006ce900000|  0%| F|  |TS  1|AC  0|TAMS 0x00000006ce800000, 0x00000006ce800000|
| 205|0x00000006ce900000, 0x00000006ce900000, 0x00000006cea00000|  0%| F|  |TS  1|AC  0|TAMS 0x00000006ce900000, 0x00000006ce900000|
| 206|0x00000006cea00000, 0x00000006cea00000, 0x00000006ceb00000|  0%| F|  |TS  1|AC  0|TAMS 0x00000006cea00000, 0x00000006cea00000|
| 207|0x00000006ceb00000, 0x00000006ceb00000, 0x00000006cec00000|  0%| F|  |TS  1|AC  0|TAMS 0x00000006ceb00000, 0x00000006ceb00000|
| 208|0x00000006cec00000, 0x00000006cec00000, 0x00000006ced00000|  0%| F|  |TS  1|AC  0|TAMS 0x00000006cec00000, 0x00000006cec00000|
| 209|0x00000006ced00000, 0x00000006ced00000, 0x00000006cee00000|  0%| F|  |TS  1|AC  0|TAMS 0x00000006ced00000, 0x00000006ced00000|
| 210|0x00000006cee00000, 0x00000006cee00000, 0x00000006cef00000|  0%| F|  |TS  1|AC  0|TAMS 0x00000006cee00000, 0x00000006cee00000|
| 211|0x00000006cef00000, 0x00000006cef00000, 0x00000006cf000000|  0%| F|  |TS  1|AC  0|TAMS 0x00000006cef00000, 0x00000006cef00000|
| 212|0x00000006cf000000, 0x00000006cf000000, 0x00000006cf100000|  0%| F|  |TS  1|AC  0|TAMS 0x00000006cf000000, 0x00000006cf000000|
| 213|0x00000006cf100000, 0x00000006cf100000, 0x00000006cf200000|  0%| F|  |TS  1|AC  0|TAMS 0x00000006cf100000, 0x00000006cf100000|
| 214|0x00000006cf200000, 0x00000006cf200000, 0x00000006cf300000|  0%| F|  |TS  1|AC  0|TAMS 0x00000006cf200000, 0x00000006cf200000|
| 215|0x00000006cf300000, 0x00000006cf300000, 0x00000006cf400000|  0%| F|  |TS  1|AC  0|TAMS 0x00000006cf300000, 0x00000006cf300000|
| 216|0x00000006cf400000, 0x00000006cf400000, 0x00000006cf500000|  0%| F|  |TS  1|AC  0|TAMS 0x00000006cf400000, 0x00000006cf400000|
| 217|0x00000006cf500000, 0x00000006cf500000, 0x00000006cf600000|  0%| F|  |TS  1|AC  0|TAMS 0x00000006cf500000, 0x00000006cf500000|
| 218|0x00000006cf600000, 0x00000006cf600000, 0x00000006cf700000|  0%| F|  |TS  1|AC  0|TAMS 0x00000006cf600000, 0x00000006cf600000|
| 219|0x00000006cf700000, 0x00000006cf700000, 0x00000006cf800000|  0%| F|  |TS  1|AC  0|TAMS 0x00000006cf700000, 0x00000006cf700000|
| 220|0x00000006cf800000, 0x00000006cf800000, 0x00000006cf900000|  0%| F|  |TS  1|AC  0|TAMS 0x00000006cf800000, 0x00000006cf800000|
| 221|0x00000006cf900000, 0x00000006cf900000, 0x00000006cfa00000|  0%| F|  |TS  1|AC  0|TAMS 0x00000006cf900000, 0x00000006cf900000|
| 222|0x00000006cfa00000, 0x00000006cfa00000, 0x00000006cfb00000|  0%| F|  |TS  1|AC  0|TAMS 0x00000006cfa00000, 0x00000006cfa00000|
| 223|0x00000006cfb00000, 0x00000006cfb00000, 0x00000006cfc00000|  0%| F|  |TS  1|AC  0|TAMS 0x00000006cfb00000, 0x00000006cfb00000|
| 224|0x00000006cfc00000, 0x00000006cfc00000, 0x00000006cfd00000|  0%| F|  |TS  1|AC  0|TAMS 0x00000006cfc00000, 0x00000006cfc00000|
| 225|0x00000006cfd00000, 0x00000006cfd00000, 0x00000006cfe00000|  0%| F|  |TS  1|AC  0|TAMS 0x00000006cfd00000, 0x00000006cfd00000|
| 226|0x00000006cfe00000, 0x00000006cfe00000, 0x00000006cff00000|  0%| F|  |TS  1|AC  0|TAMS 0x00000006cfe00000, 0x00000006cfe00000|
| 227|0x00000006cff00000, 0x00000006cff00000, 0x00000006d0000000|  0%| F|  |TS  1|AC  0|TAMS 0x00000006cff00000, 0x00000006cff00000|
| 228|0x00000006d0000000, 0x00000006d0000000, 0x00000006d0100000|  0%| F|  |TS  1|AC  0|TAMS 0x00000006d0000000, 0x00000006d0000000|
| 229|0x00000006d0100000, 0x00000006d0100000, 0x00000006d0200000|  0%| F|  |TS  1|AC  0|TAMS 0x00000006d0100000, 0x00000006d0100000|
| 230|0x00000006d0200000, 0x00000006d0200000, 0x00000006d0300000|  0%| F|  |TS  1|AC  0|TAMS 0x00000006d0200000, 0x00000006d0200000|
| 231|0x00000006d0300000, 0x00000006d0300000, 0x00000006d0400000|  0%| F|  |TS  1|AC  0|TAMS 0x00000006d0300000, 0x00000006d0300000|
| 232|0x00000006d0400000, 0x00000006d0400000, 0x00000006d0500000|  0%| F|  |TS  1|AC  0|TAMS 0x00000006d0400000, 0x00000006d0400000|
| 233|0x00000006d0500000, 0x00000006d0500000, 0x00000006d0600000|  0%| F|  |TS  1|AC  0|TAMS 0x00000006d0500000, 0x00000006d0500000|
| 234|0x00000006d0600000, 0x00000006d0600000, 0x00000006d0700000|  0%| F|  |TS  1|AC  0|TAMS 0x00000006d0600000, 0x00000006d0600000|
| 235|0x00000006d0700000, 0x00000006d0700000, 0x00000006d0800000|  0%| F|  |TS  1|AC  0|TAMS 0x00000006d0700000, 0x00000006d0700000|
| 236|0x00000006d0800000, 0x00000006d0800000, 0x00000006d0900000|  0%| F|  |TS  1|AC  0|TAMS 0x00000006d0800000, 0x00000006d0800000|
| 237|0x00000006d0900000, 0x00000006d0900000, 0x00000006d0a00000|  0%| F|  |TS  1|AC  0|TAMS 0x00000006d0900000, 0x00000006d0900000|
| 238|0x00000006d0a00000, 0x00000006d0a00000, 0x00000006d0b00000|  0%| F|  |TS  1|AC  0|TAMS 0x00000006d0a00000, 0x00000006d0a00000|
| 239|0x00000006d0b00000, 0x00000006d0b00000, 0x00000006d0c00000|  0%| F|  |TS  1|AC  0|TAMS 0x00000006d0b00000, 0x00000006d0b00000|
| 240|0x00000006d0c00000, 0x00000006d0c00000, 0x00000006d0d00000|  0%| F|  |TS  1|AC  0|TAMS 0x00000006d0c00000, 0x00000006d0c00000|
| 241|0x00000006d0d00000, 0x00000006d0d00000, 0x00000006d0e00000|  0%| F|  |TS  1|AC  0|TAMS 0x00000006d0d00000, 0x00000006d0d00000|
| 242|0x00000006d0e00000, 0x00000006d0e00000, 0x00000006d0f00000|  0%| F|  |TS  1|AC  0|TAMS 0x00000006d0e00000, 0x00000006d0e00000|
| 243|0x00000006d0f00000, 0x00000006d0f00000, 0x00000006d1000000|  0%| F|  |TS  1|AC  0|TAMS 0x00000006d0f00000, 0x00000006d0f00000|
| 244|0x00000006d1000000, 0x00000006d1000000, 0x00000006d1100000|  0%| F|  |TS  1|AC  0|TAMS 0x00000006d1000000, 0x00000006d1000000|
| 245|0x00000006d1100000, 0x00000006d1100000, 0x00000006d1200000|  0%| F|  |TS  1|AC  0|TAMS 0x00000006d1100000, 0x00000006d1100000|
| 246|0x00000006d1200000, 0x00000006d1200000, 0x00000006d1300000|  0%| F|  |TS  1|AC  0|TAMS 0x00000006d1200000, 0x00000006d1200000|
| 247|0x00000006d1300000, 0x00000006d1300000, 0x00000006d1400000|  0%| F|  |TS  1|AC  0|TAMS 0x00000006d1300000, 0x00000006d1300000|
| 248|0x00000006d1400000, 0x00000006d1400000, 0x00000006d1500000|  0%| F|  |TS  1|AC  0|TAMS 0x00000006d1400000, 0x00000006d1400000|
| 249|0x00000006d1500000, 0x00000006d1500000, 0x00000006d1600000|  0%| F|  |TS  1|AC  0|TAMS 0x00000006d1500000, 0x00000006d1500000|
| 250|0x00000006d1600000, 0x00000006d1600000, 0x00000006d1700000|  0%| F|  |TS  1|AC  0|TAMS 0x00000006d1600000, 0x00000006d1600000|
| 251|0x00000006d1700000, 0x00000006d1700000, 0x00000006d1800000|  0%| F|  |TS  1|AC  0|TAMS 0x00000006d1700000, 0x00000006d1700000|
| 252|0x00000006d1800000, 0x00000006d1800000, 0x00000006d1900000|  0%| F|  |TS  1|AC  0|TAMS 0x00000006d1800000, 0x00000006d1800000|
| 253|0x00000006d1900000, 0x00000006d1900000, 0x00000006d1a00000|  0%| F|  |TS  1|AC  0|TAMS 0x00000006d1900000, 0x00000006d1900000|
| 254|0x00000006d1a00000, 0x00000006d1a00000, 0x00000006d1b00000|  0%| F|  |TS  1|AC  0|TAMS 0x00000006d1a00000, 0x00000006d1a00000|
| 255|0x00000006d1b00000, 0x00000006d1b00000, 0x00000006d1c00000|  0%| F|  |TS  1|AC  0|TAMS 0x00000006d1b00000, 0x00000006d1b00000|
| 256|0x00000006d1c00000, 0x00000006d1c00000, 0x00000006d1d00000|  0%| F|  |TS  1|AC  0|TAMS 0x00000006d1c00000, 0x00000006d1c00000|
| 257|0x00000006d1d00000, 0x00000006d1d00000, 0x00000006d1e00000|  0%| F|  |TS  1|AC  0|TAMS 0x00000006d1d00000, 0x00000006d1d00000|
| 258|0x00000006d1e00000, 0x00000006d1e00000, 0x00000006d1f00000|  0%| F|  |TS  1|AC  0|TAMS 0x00000006d1e00000, 0x00000006d1e00000|
| 259|0x00000006d1f00000, 0x00000006d1f00000, 0x00000006d2000000|  0%| F|  |TS  1|AC  0|TAMS 0x00000006d1f00000, 0x00000006d1f00000|
| 260|0x00000006d2000000, 0x00000006d2000000, 0x00000006d2100000|  0%| F|  |TS  1|AC  0|TAMS 0x00000006d2000000, 0x00000006d2000000|
| 261|0x00000006d2100000, 0x00000006d2100000, 0x00000006d2200000|  0%| F|  |TS  1|AC  0|TAMS 0x00000006d2100000, 0x00000006d2100000|
| 262|0x00000006d2200000, 0x00000006d2200000, 0x00000006d2300000|  0%| F|  |TS  1|AC  0|TAMS 0x00000006d2200000, 0x00000006d2200000|
| 263|0x00000006d2300000, 0x00000006d2300000, 0x00000006d2400000|  0%| F|  |TS  1|AC  0|TAMS 0x00000006d2300000, 0x00000006d2300000|
| 264|0x00000006d2400000, 0x00000006d2400000, 0x00000006d2500000|  0%| F|  |TS  1|AC  0|TAMS 0x00000006d2400000, 0x00000006d2400000|
| 265|0x00000006d2500000, 0x00000006d2500000, 0x00000006d2600000|  0%| F|  |TS  1|AC  0|TAMS 0x00000006d2500000, 0x00000006d2500000|
| 266|0x00000006d2600000, 0x00000006d2600000, 0x00000006d2700000|  0%| F|  |TS  1|AC  0|TAMS 0x00000006d2600000, 0x00000006d2600000|
| 267|0x00000006d2700000, 0x00000006d2700000, 0x00000006d2800000|  0%| F|  |TS  1|AC  0|TAMS 0x00000006d2700000, 0x00000006d2700000|
| 268|0x00000006d2800000, 0x00000006d2800000, 0x00000006d2900000|  0%| F|  |TS  1|AC  0|TAMS 0x00000006d2800000, 0x00000006d2800000|
| 269|0x00000006d2900000, 0x00000006d2900000, 0x00000006d2a00000|  0%| F|  |TS  1|AC  0|TAMS 0x00000006d2900000, 0x00000006d2900000|
| 270|0x00000006d2a00000, 0x00000006d2a00000, 0x00000006d2b00000|  0%| F|  |TS  1|AC  0|TAMS 0x00000006d2a00000, 0x00000006d2a00000|
| 271|0x00000006d2b00000, 0x00000006d2b00000, 0x00000006d2c00000|  0%| F|  |TS  1|AC  0|TAMS 0x00000006d2b00000, 0x00000006d2b00000|
| 272|0x00000006d2c00000, 0x00000006d2c00000, 0x00000006d2d00000|  0%| F|  |TS  1|AC  0|TAMS 0x00000006d2c00000, 0x00000006d2c00000|
| 273|0x00000006d2d00000, 0x00000006d2d00000, 0x00000006d2e00000|  0%| F|  |TS  1|AC  0|TAMS 0x00000006d2d00000, 0x00000006d2d00000|
| 274|0x00000006d2e00000, 0x00000006d2e00000, 0x00000006d2f00000|  0%| F|  |TS  1|AC  0|TAMS 0x00000006d2e00000, 0x00000006d2e00000|
| 275|0x00000006d2f00000, 0x00000006d2f00000, 0x00000006d3000000|  0%| F|  |TS  1|AC  0|TAMS 0x00000006d2f00000, 0x00000006d2f00000|
| 276|0x00000006d3000000, 0x00000006d3000000, 0x00000006d3100000|  0%| F|  |TS  1|AC  0|TAMS 0x00000006d3000000, 0x00000006d3000000|
| 277|0x00000006d3100000, 0x00000006d3100000, 0x00000006d3200000|  0%| F|  |TS  1|AC  0|TAMS 0x00000006d3100000, 0x00000006d3100000|
| 278|0x00000006d3200000, 0x00000006d3200000, 0x00000006d3300000|  0%| F|  |TS  1|AC  0|TAMS 0x00000006d3200000, 0x00000006d3200000|
| 279|0x00000006d3300000, 0x00000006d3300000, 0x00000006d3400000|  0%| F|  |TS  1|AC  0|TAMS 0x00000006d3300000, 0x00000006d3300000|
| 280|0x00000006d3400000, 0x00000006d3400000, 0x00000006d3500000|  0%| F|  |TS  1|AC  0|TAMS 0x00000006d3400000, 0x00000006d3400000|
| 281|0x00000006d3500000, 0x00000006d3500000, 0x00000006d3600000|  0%| F|  |TS  1|AC  0|TAMS 0x00000006d3500000, 0x00000006d3500000|
| 282|0x00000006d3600000, 0x00000006d3600000, 0x00000006d3700000|  0%| F|  |TS  1|AC  0|TAMS 0x00000006d3600000, 0x00000006d3600000|
| 283|0x00000006d3700000, 0x00000006d3700000, 0x00000006d3800000|  0%| F|  |TS  1|AC  0|TAMS 0x00000006d3700000, 0x00000006d3700000|
| 284|0x00000006d3800000, 0x00000006d3800000, 0x00000006d3900000|  0%| F|  |TS  1|AC  0|TAMS 0x00000006d3800000, 0x00000006d3800000|
| 285|0x00000006d3900000, 0x00000006d3900000, 0x00000006d3a00000|  0%| F|  |TS  1|AC  0|TAMS 0x00000006d3900000, 0x00000006d3900000|
| 286|0x00000006d3a00000, 0x00000006d3a00000, 0x00000006d3b00000|  0%| F|  |TS  1|AC  0|TAMS 0x00000006d3a00000, 0x00000006d3a00000|
| 287|0x00000006d3b00000, 0x00000006d3b00000, 0x00000006d3c00000|  0%| F|  |TS  1|AC  0|TAMS 0x00000006d3b00000, 0x00000006d3b00000|
| 288|0x00000006d3c00000, 0x00000006d3c00000, 0x00000006d3d00000|  0%| F|  |TS  1|AC  0|TAMS 0x00000006d3c00000, 0x00000006d3c00000|
| 289|0x00000006d3d00000, 0x00000006d3d00000, 0x00000006d3e00000|  0%| F|  |TS  1|AC  0|TAMS 0x00000006d3d00000, 0x00000006d3d00000|
| 290|0x00000006d3e00000, 0x00000006d3e00000, 0x00000006d3f00000|  0%| F|  |TS  1|AC  0|TAMS 0x00000006d3e00000, 0x00000006d3e00000|
| 291|0x00000006d3f00000, 0x00000006d3f00000, 0x00000006d4000000|  0%| F|  |TS  1|AC  0|TAMS 0x00000006d3f00000, 0x00000006d3f00000|
| 292|0x00000006d4000000, 0x00000006d4000000, 0x00000006d4100000|  0%| F|  |TS  1|AC  0|TAMS 0x00000006d4000000, 0x00000006d4000000|
| 293|0x00000006d4100000, 0x00000006d4100000, 0x00000006d4200000|  0%| F|  |TS  1|AC  0|TAMS 0x00000006d4100000, 0x00000006d4100000|
| 294|0x00000006d4200000, 0x00000006d4200000, 0x00000006d4300000|  0%| F|  |TS  1|AC  0|TAMS 0x00000006d4200000, 0x00000006d4200000|
| 295|0x00000006d4300000, 0x00000006d4300000, 0x00000006d4400000|  0%| F|  |TS  1|AC  0|TAMS 0x00000006d4300000, 0x00000006d4300000|
| 296|0x00000006d4400000, 0x00000006d4400000, 0x00000006d4500000|  0%| F|  |TS  1|AC  0|TAMS 0x00000006d4400000, 0x00000006d4400000|
| 297|0x00000006d4500000, 0x00000006d4500000, 0x00000006d4600000|  0%| F|  |TS  1|AC  0|TAMS 0x00000006d4500000, 0x00000006d4500000|
| 298|0x00000006d4600000, 0x00000006d4600000, 0x00000006d4700000|  0%| F|  |TS  1|AC  0|TAMS 0x00000006d4600000, 0x00000006d4600000|
| 299|0x00000006d4700000, 0x00000006d4700000, 0x00000006d4800000|  0%| F|  |TS  1|AC  0|TAMS 0x00000006d4700000, 0x00000006d4700000|
| 300|0x00000006d4800000, 0x00000006d4800000, 0x00000006d4900000|  0%| F|  |TS  1|AC  0|TAMS 0x00000006d4800000, 0x00000006d4800000|
| 301|0x00000006d4900000, 0x00000006d4900000, 0x00000006d4a00000|  0%| F|  |TS  1|AC  0|TAMS 0x00000006d4900000, 0x00000006d4900000|
| 302|0x00000006d4a00000, 0x00000006d4a00000, 0x00000006d4b00000|  0%| F|  |TS  1|AC  0|TAMS 0x00000006d4a00000, 0x00000006d4a00000|
| 303|0x00000006d4b00000, 0x00000006d4b00000, 0x00000006d4c00000|  0%| F|  |TS  1|AC  0|TAMS 0x00000006d4b00000, 0x00000006d4b00000|
| 304|0x00000006d4c00000, 0x00000006d4c00000, 0x00000006d4d00000|  0%| F|  |TS  1|AC  0|TAMS 0x00000006d4c00000, 0x00000006d4c00000|
| 305|0x00000006d4d00000, 0x00000006d4d00000, 0x00000006d4e00000|  0%| F|  |TS  1|AC  0|TAMS 0x00000006d4d00000, 0x00000006d4d00000|
| 306|0x00000006d4e00000, 0x00000006d4e00000, 0x00000006d4f00000|  0%| F|  |TS  1|AC  0|TAMS 0x00000006d4e00000, 0x00000006d4e00000|
| 307|0x00000006d4f00000, 0x00000006d4f00000, 0x00000006d5000000|  0%| F|  |TS  1|AC  0|TAMS 0x00000006d4f00000, 0x00000006d4f00000|

Card table byte_map: [0x00000246db050000,0x00000246db850000] byte_map_base: 0x00000246d7a42000

Marking Bits (Prev, Next): (CMBitMap*) 0x00000246c053c680, (CMBitMap*) 0x00000246c053c6b8
 Prev Bits: [0x00000246dc050000, 0x00000246dffe0000)
 Next Bits: [0x00000246dffe0000, 0x00000246e3f70000)

Polling page: 0x00000246be3e0000

CodeHeap 'non-profiled nmethods': size=238912Kb used=7484Kb max_used=7484Kb free=231428Kb
 bounds [0x00000246cbf00000, 0x00000246cc650000, 0x00000246da850000]
CodeHeap 'non-nmethods': size=6848Kb used=2318Kb max_used=2318Kb free=4529Kb
 bounds [0x00000246cb850000, 0x00000246cbac0000, 0x00000246cbf00000]
 total_blobs=5037 nmethods=4450 adapters=468
 compilation: enabled

Compilation events (10 events):
Event: 3.523 Thread 0x00000246e6edb000 4475       1       sun.security.provider.MD5::II (31 bytes)
Event: 3.523 Thread 0x00000246e6ed0800 nmethod 4472 0x00000246cc64dc10 code [0x00000246cc64ddc0, 0x00000246cc64def8]
Event: 3.523 Thread 0x00000246e6efb800 nmethod 4474 0x00000246cc64df90 code [0x00000246cc64e140, 0x00000246cc64e258]
Event: 3.523 Thread 0x00000246e6edb000 nmethod 4475 0x00000246cc64e310 code [0x00000246cc64e4c0, 0x00000246cc64e5d8]
Event: 3.524 Thread 0x00000246e6ed0800 4476       1       org.hibernate.engine.jdbc.env.internal.JdbcEnvironmentImpl::getDialect (5 bytes)
Event: 3.524 Thread 0x00000246e6ed0800 nmethod 4476 0x00000246cc64e690 code [0x00000246cc64e840, 0x00000246cc64e958]
Event: 3.525 Thread 0x00000246e6efb800 4478       1       org.hibernate.boot.model.relational.Database::toIdentifier (24 bytes)
Event: 3.525 Thread 0x00000246e6edb000 4477       1       org.hibernate.mapping.RootClass::getTable (5 bytes)
Event: 3.525 Thread 0x00000246e6edb000 nmethod 4477 0x00000246cc64ea10 code [0x00000246cc64ebc0, 0x00000246cc64ecd8]
Event: 3.525 Thread 0x00000246e6efb800 nmethod 4478 0x00000246cc64ed90 code [0x00000246cc64ef60, 0x00000246cc64f160]

GC Heap History (10 events):
Event: 1.092 GC heap before
{Heap before GC invocations=2 (full 0):
 garbage-first heap   total 262144K, used 29990K [0x00000006c1c00000, 0x00000007c0000000)
  region size 1024K, 25 young (25600K), 2 survivors (2048K)
 Metaspace       used 19295K, capacity 19856K, committed 20096K, reserved 1067008K
  class space    used 2175K, capacity 2405K, committed 2432K, reserved 1048576K
}
Event: 1.095 GC heap after
{Heap after GC invocations=3 (full 0):
 garbage-first heap   total 262144K, used 7626K [0x00000006c1c00000, 0x00000007c0000000)
  region size 1024K, 3 young (3072K), 3 survivors (3072K)
 Metaspace       used 19295K, capacity 19856K, committed 20096K, reserved 1067008K
  class space    used 2175K, capacity 2405K, committed 2432K, reserved 1048576K
}
Event: 1.168 GC heap before
{Heap before GC invocations=3 (full 0):
 garbage-first heap   total 262144K, used 18890K [0x00000006c1c00000, 0x00000007c0000000)
  region size 1024K, 15 young (15360K), 3 survivors (3072K)
 Metaspace       used 20607K, capacity 21163K, committed 21296K, reserved 1069056K
  class space    used 2414K, capacity 2671K, committed 2688K, reserved 1048576K
}
Event: 1.170 GC heap after
{Heap after GC invocations=4 (full 0):
 garbage-first heap   total 262144K, used 8147K [0x00000006c1c00000, 0x00000007c0000000)
  region size 1024K, 3 young (3072K), 3 survivors (3072K)
 Metaspace       used 20607K, capacity 21163K, committed 21296K, reserved 1069056K
  class space    used 2414K, capacity 2671K, committed 2688K, reserved 1048576K
}
Event: 1.927 GC heap before
{Heap before GC invocations=5 (full 0):
 garbage-first heap   total 262144K, used 91091K [0x00000006c1c00000, 0x00000007c0000000)
  region size 1024K, 84 young (86016K), 3 survivors (3072K)
 Metaspace       used 27598K, capacity 28363K, committed 28544K, reserved 1075200K
  class space    used 3269K, capacity 3599K, committed 3712K, reserved 1048576K
}
Event: 1.936 GC heap after
{Heap after GC invocations=6 (full 0):
 garbage-first heap   total 315392K, used 11196K [0x00000006c1c00000, 0x00000007c0000000)
  region size 1024K, 6 young (6144K), 6 survivors (6144K)
 Metaspace       used 27598K, capacity 28363K, committed 28544K, reserved 1075200K
  class space    used 3269K, capacity 3599K, committed 3712K, reserved 1048576K
}
Event: 2.826 GC heap before
{Heap before GC invocations=6 (full 0):
 garbage-first heap   total 315392K, used 106428K [0x00000006c1c00000, 0x00000007c0000000)
  region size 1024K, 100 young (102400K), 6 survivors (6144K)
 Metaspace       used 34860K, capacity 35779K, committed 35920K, reserved 1081344K
  class space    used 4259K, capacity 4669K, committed 4736K, reserved 1048576K
}
Event: 2.837 GC heap after
{Heap after GC invocations=7 (full 0):
 garbage-first heap   total 315392K, used 19780K [0x00000006c1c00000, 0x00000007c0000000)
  region size 1024K, 14 young (14336K), 14 survivors (14336K)
 Metaspace       used 34860K, capacity 35779K, committed 35920K, reserved 1081344K
  class space    used 4259K, capacity 4669K, committed 4736K, reserved 1048576K
}
Event: 3.531 GC heap before
{Heap before GC invocations=8 (full 0):
 garbage-first heap   total 315392K, used 115012K [0x00000006c1c00000, 0x00000007c0000000)
  region size 1024K, 108 young (110592K), 14 survivors (14336K)
 Metaspace       used 44036K, capacity 45065K, committed 45392K, reserved 1097728K
  class space    used 5437K, capacity 5889K, committed 6016K, reserved 1048576K
}
Event: 3.545 GC heap after
{Heap after GC invocations=9 (full 0):
 garbage-first heap   total 315392K, used 24412K [0x00000006c1c00000, 0x00000007c0000000)
  region size 1024K, 5 young (5120K), 5 survivors (5120K)
 Metaspace       used 44036K, capacity 45065K, committed 45392K, reserved 1097728K
  class space    used 5437K, capacity 5889K, committed 6016K, reserved 1048576K
}

Deoptimization events (0 events):
No events

Classes redefined (0 events):
No events

Internal exceptions (10 events):
Event: 3.234 Thread 0x00000246c04cf800 Exception <a 'java/lang/ClassNotFoundException'{0x00000006d0d6d3d0}: org/springframework/beans/factory/FactoryBeanCustomizer> (0x00000006d0d6d3d0) thrown at [t:/workspace/open/src/hotspot/share/classfile/systemDictionary.cpp, line 233]
Event: 3.234 Thread 0x00000246c04cf800 Exception <a 'java/lang/ClassNotFoundException'{0x00000006d0d7c158}: org/springframework/beans/factory/BeanClassLoaderAwareCustomizer> (0x00000006d0d7c158) thrown at [t:/workspace/open/src/hotspot/share/classfile/systemDictionary.cpp, line 233]
Event: 3.234 Thread 0x00000246c04cf800 Exception <a 'java/lang/ClassNotFoundException'{0x00000006d0d87ed8}: org/springframework/beans/factory/BeanFactoryAwareCustomizer> (0x00000006d0d87ed8) thrown at [t:/workspace/open/src/hotspot/share/classfile/systemDictionary.cpp, line 233]
Event: 3.234 Thread 0x00000246c04cf800 Exception <a 'java/lang/ClassNotFoundException'{0x00000006d0d936b0}: org/springframework/beans/factory/BeanNameAwareCustomizer> (0x00000006d0d936b0) thrown at [t:/workspace/open/src/hotspot/share/classfile/systemDictionary.cpp, line 233]
Event: 3.235 Thread 0x00000246c04cf800 Exception <a 'java/lang/ClassNotFoundException'{0x00000006d0d9f168}: org/springframework/beans/factory/InitializingBeanCustomizer> (0x00000006d0d9f168) thrown at [t:/workspace/open/src/hotspot/share/classfile/systemDictionary.cpp, line 233]
Event: 3.235 Thread 0x00000246c04cf800 Exception <a 'java/lang/ClassNotFoundException'{0x00000006d0daa130}: org/springframework/beans/factory/DisposableBeanCustomizer> (0x00000006d0daa130) thrown at [t:/workspace/open/src/hotspot/share/classfile/systemDictionary.cpp, line 233]
Event: 3.235 Thread 0x00000246c04cf800 Exception <a 'java/lang/ClassNotFoundException'{0x00000006d0db58d0}: org/springframework/orm/jpa/EntityManagerFactoryInfoCustomizer> (0x00000006d0db58d0) thrown at [t:/workspace/open/src/hotspot/share/classfile/systemDictionary.cpp, line 233]
Event: 3.235 Thread 0x00000246c04cf800 Exception <a 'java/lang/ClassNotFoundException'{0x00000006d0dca7a0}: org/springframework/dao/support/PersistenceExceptionTranslatorCustomizer> (0x00000006d0dca7a0) thrown at [t:/workspace/open/src/hotspot/share/classfile/systemDictionary.cpp, line 233]
Event: 3.463 Thread 0x00000246e9482000 Exception <a 'sun/net/ConnectionResetException'{0x00000006cf8a7308}: > (0x00000006cf8a7308) thrown at [t:/workspace/open/src/hotspot/share/prims/jni.cpp, line 632]
Event: 3.463 Thread 0x00000246e9482000 Exception <a 'sun/net/ConnectionResetException'{0x00000006cf8a7600}: > (0x00000006cf8a7600) thrown at [t:/workspace/open/src/hotspot/share/prims/jni.cpp, line 632]

Events (10 events):
Event: 3.529 loading class org/hibernate/tuple/entity/EntityTuplizerFactory done
Event: 3.529 loading class org/hibernate/tuple/entity/EntityMetamodel
Event: 3.529 loading class org/hibernate/tuple/entity/EntityMetamodel done
Event: 3.530 loading class org/hibernate/EntityMode
Event: 3.530 loading class org/hibernate/EntityMode done
Event: 3.530 loading class org/hibernate/tuple/entity/PojoEntityTuplizer
Event: 3.530 loading class org/hibernate/tuple/entity/PojoEntityTuplizer done
Event: 3.530 loading class org/hibernate/tuple/entity/AbstractEntityTuplizer
Event: 3.530 loading class org/hibernate/tuple/entity/AbstractEntityTuplizer done
Event: 3.531 Executing VM operation: CollectForMetadataAllocation


Dynamic libraries:
0x00007ff73f540000 - 0x00007ff73f57e000 	C:\Program Files\Java\jdk-10.0.2\bin\java.exe
0x00007ffaa9c70000 - 0x00007ffaa9e51000 	C:\WINDOWS\SYSTEM32\ntdll.dll
0x00007ffaa9b80000 - 0x00007ffaa9c32000 	C:\WINDOWS\System32\KERNEL32.DLL
0x00007ffaa6140000 - 0x00007ffaa63b3000 	C:\WINDOWS\System32\KERNELBASE.dll
0x00007ffaa71c0000 - 0x00007ffaa7261000 	C:\WINDOWS\System32\ADVAPI32.dll
0x00007ffaa9a80000 - 0x00007ffaa9b1e000 	C:\WINDOWS\System32\msvcrt.dll
0x00007ffaa9560000 - 0x00007ffaa95bb000 	C:\WINDOWS\System32\sechost.dll
0x00007ffaa8c80000 - 0x00007ffaa8da4000 	C:\WINDOWS\System32\RPCRT4.dll
0x00007ffaa93b0000 - 0x00007ffaa9540000 	C:\WINDOWS\System32\USER32.dll
0x00007ffaa63c0000 - 0x00007ffaa63e0000 	C:\WINDOWS\System32\win32u.dll
0x00007ffaa8c50000 - 0x00007ffaa8c78000 	C:\WINDOWS\System32\GDI32.dll
0x00007ffaa6ee0000 - 0x00007ffaa7072000 	C:\WINDOWS\System32\gdi32full.dll
0x00007ffaa63e0000 - 0x00007ffaa647f000 	C:\WINDOWS\System32\msvcp_win.dll
0x00007ffaa6040000 - 0x00007ffaa613a000 	C:\WINDOWS\System32\ucrtbase.dll
0x00007ffa97470000 - 0x00007ffa976d9000 	C:\WINDOWS\WinSxS\amd64_microsoft.windows.common-controls_6595b64144ccf1df_6.0.17134.228_none_fb4599993062b194\COMCTL32.dll
0x00007ffaa8db0000 - 0x00007ffaa90d3000 	C:\WINDOWS\System32\combase.dll
0x00007ffaa0a90000 - 0x00007ffaa0a9a000 	C:\WINDOWS\SYSTEM32\VERSION.dll
0x00007ffaa7080000 - 0x00007ffaa70fa000 	C:\WINDOWS\System32\bcryptPrimitives.dll
0x00007ffaa7100000 - 0x00007ffaa712d000 	C:\WINDOWS\System32\IMM32.DLL
0x00007ffa8b8d0000 - 0x00007ffa8b9bf000 	C:\Program Files\Java\jdk-10.0.2\bin\msvcr120.dll
0x00007ffa8b820000 - 0x00007ffa8b8c6000 	C:\Program Files\Java\jdk-10.0.2\bin\msvcp120.dll
0x000000006e300000 - 0x000000006ed70000 	C:\Program Files\Java\jdk-10.0.2\bin\server\jvm.dll
0x00007ffaa95c0000 - 0x00007ffaa95c8000 	C:\WINDOWS\System32\PSAPI.DLL
0x00007ffa93190000 - 0x00007ffa93199000 	C:\WINDOWS\SYSTEM32\WSOCK32.dll
0x00007ffaa3d10000 - 0x00007ffaa3d33000 	C:\WINDOWS\SYSTEM32\WINMM.dll
0x00007ffaa3cb0000 - 0x00007ffaa3cda000 	C:\WINDOWS\SYSTEM32\WINMMBASE.dll
0x00007ffaa92a0000 - 0x00007ffaa930c000 	C:\WINDOWS\System32\WS2_32.dll
0x00007ffaa6590000 - 0x00007ffaa65d9000 	C:\WINDOWS\System32\cfgmgr32.dll
0x00007ffaa3d90000 - 0x00007ffaa3d9f000 	C:\Program Files\Java\jdk-10.0.2\bin\verify.dll
0x00007ffaa48a0000 - 0x00007ffaa4a69000 	C:\WINDOWS\SYSTEM32\DBGHELP.DLL
0x00007ffa953e0000 - 0x00007ffa95409000 	C:\WINDOWS\SYSTEM32\dbgcore.DLL
0x00007ffaa0610000 - 0x00007ffaa0637000 	C:\Program Files\Java\jdk-10.0.2\bin\java.dll
0x00007ffaa05d0000 - 0x00007ffaa05fa000 	C:\Program Files\Java\jdk-10.0.2\bin\instrument.dll
0x00007ffaa3540000 - 0x00007ffaa3556000 	C:\Program Files\Java\jdk-10.0.2\bin\zip.dll
0x00007ffaa1fe0000 - 0x00007ffaa1fea000 	C:\Program Files\Java\jdk-10.0.2\bin\jimage.dll
0x00007ffaa7270000 - 0x00007ffaa86b0000 	C:\WINDOWS\System32\SHELL32.dll
0x00007ffaa99c0000 - 0x00007ffaa9a69000 	C:\WINDOWS\System32\shcore.dll
0x00007ffaa65e0000 - 0x00007ffaa6ced000 	C:\WINDOWS\System32\windows.storage.dll
0x00007ffaa87a0000 - 0x00007ffaa87f1000 	C:\WINDOWS\System32\shlwapi.dll
0x00007ffaa5f80000 - 0x00007ffaa5f91000 	C:\WINDOWS\System32\kernel.appcore.dll
0x00007ffaa5fb0000 - 0x00007ffaa5fcf000 	C:\WINDOWS\System32\profapi.dll
0x00007ffaa5fd0000 - 0x00007ffaa601c000 	C:\WINDOWS\System32\powrprof.dll
0x00007ffaa5fa0000 - 0x00007ffaa5faa000 	C:\WINDOWS\System32\FLTLIB.DLL
0x00007ffaa0520000 - 0x00007ffaa053a000 	C:\Program Files\Java\jdk-10.0.2\bin\net.dll
0x00007ffaa0290000 - 0x00007ffaa036c000 	C:\WINDOWS\SYSTEM32\WINHTTP.dll
0x00007ffaa5800000 - 0x00007ffaa5866000 	C:\WINDOWS\system32\mswsock.dll
0x00007ffaa0500000 - 0x00007ffaa0511000 	C:\Program Files\Java\jdk-10.0.2\bin\nio.dll
0x00007ffaa0230000 - 0x00007ffaa024a000 	C:\Program Files\JetBrains\IntelliJ IDEA 2018.1.3\bin\breakgen64.dll
0x00007ffaa1fa0000 - 0x00007ffaa1fa9000 	C:\Program Files\Java\jdk-10.0.2\bin\management.dll
0x00007ffaa0660000 - 0x00007ffaa066a000 	C:\Program Files\Java\jdk-10.0.2\bin\management_ext.dll
0x00007ffa93170000 - 0x00007ffa93186000 	C:\WINDOWS\system32\napinsp.dll
0x00007ffa93150000 - 0x00007ffa9316a000 	C:\WINDOWS\system32\pnrpnsp.dll
0x00007ffaa2bb0000 - 0x00007ffaa2bc9000 	C:\WINDOWS\system32\NLAapi.dll
0x00007ffaa55c0000 - 0x00007ffaa567e000 	C:\WINDOWS\SYSTEM32\DNSAPI.dll
0x00007ffaa71b0000 - 0x00007ffaa71b8000 	C:\WINDOWS\System32\NSI.dll
0x00007ffaa5580000 - 0x00007ffaa55b8000 	C:\WINDOWS\SYSTEM32\IPHLPAPI.DLL
0x00007ffa94470000 - 0x00007ffa9447e000 	C:\WINDOWS\System32\winrnr.dll
0x00007ffa93130000 - 0x00007ffa93145000 	C:\WINDOWS\System32\wshbth.dll
0x00007ffa99b40000 - 0x00007ffa99b4a000 	C:\Windows\System32\rasadhlp.dll
0x00007ffa9ad00000 - 0x00007ffa9ad72000 	C:\WINDOWS\System32\fwpuclnt.dll
0x00007ffaa5ae0000 - 0x00007ffaa5b05000 	C:\WINDOWS\SYSTEM32\bcrypt.dll
0x00007ffaa59b0000 - 0x00007ffaa59c7000 	C:\WINDOWS\SYSTEM32\CRYPTSP.dll
0x00007ffaa53e0000 - 0x00007ffaa5413000 	C:\WINDOWS\system32\rsaenh.dll
0x00007ffaa5e80000 - 0x00007ffaa5ea8000 	C:\WINDOWS\SYSTEM32\USERENV.dll
0x00007ffaa59d0000 - 0x00007ffaa59db000 	C:\WINDOWS\SYSTEM32\CRYPTBASE.dll
0x00007ffa9fbc0000 - 0x00007ffa9fbd6000 	C:\WINDOWS\SYSTEM32\dhcpcsvc6.DLL
0x00007ffa9fb20000 - 0x00007ffa9fb3a000 	C:\WINDOWS\SYSTEM32\dhcpcsvc.DLL

dbghelp: loaded successfully - version: 4.0.5 - missing functions: none
symbol engine: initialized successfully - sym options: 0x614 - pdb path: .;C:\Program Files\Java\jdk-10.0.2\bin;C:\WINDOWS\SYSTEM32;C:\WINDOWS\WinSxS\amd64_microsoft.windows.common-controls_6595b64144ccf1df_6.0.17134.228_none_fb4599993062b194;C:\Program Files\Java\jdk-10.0.2\bin\server;C:\Program Files\JetBrains\IntelliJ IDEA 2018.1.3\bin

VM Arguments:
jvm_args: -XX:TieredStopAtLevel=1 -Xverify:none -Dspring.output.ansi.enabled=always -Dcom.sun.management.jmxremote -Dcom.sun.management.jmxremote.port=55450 -Dcom.sun.management.jmxremote.authenticate=false -Dcom.sun.management.jmxremote.ssl=false -Djava.rmi.server.hostname=localhost -Dspring.liveBeansView.mbeanDomain -Dspring.application.admin.enabled=true -javaagent:C:\Program Files\JetBrains\IntelliJ IDEA 2018.1.3\lib\idea_rt.jar=55451:C:\Program Files\JetBrains\IntelliJ IDEA 2018.1.3\bin -Dfile.encoding=UTF-8 
java_command: org.thibaut.wheretoclimb.webapp.demo.DemoApplication
java_class_path (initial): D:\Workspace\OpenclassroomsProjects\WhereToClimb\webapp\target\classes;D:\Workspace\OpenclassroomsProjects\WhereToClimb\model\target\classes;C:\Users\Thibaut\.m2\repository\org\springframework\boot\spring-boot-starter-data-jpa\2.0.4.RELEASE\spring-boot-starter-data-jpa-2.0.4.RELEASE.jar;C:\Users\Thibaut\.m2\repository\org\springframework\boot\spring-boot-starter-aop\2.0.4.RELEASE\spring-boot-starter-aop-2.0.4.RELEASE.jar;C:\Users\Thibaut\.m2\repository\org\aspectj\aspectjweaver\1.8.13\aspectjweaver-1.8.13.jar;C:\Users\Thibaut\.m2\repository\org\springframework\boot\spring-boot-starter-jdbc\2.0.4.RELEASE\spring-boot-starter-jdbc-2.0.4.RELEASE.jar;C:\Users\Thibaut\.m2\repository\com\zaxxer\HikariCP\2.7.9\HikariCP-2.7.9.jar;C:\Users\Thibaut\.m2\repository\org\hibernate\hibernate-core\5.2.17.Final\hibernate-core-5.2.17.Final.jar;C:\Users\Thibaut\.m2\repository\org\hibernate\javax\persistence\hibernate-jpa-2.1-api\1.0.2.Final\hibernate-jpa-2.1-api-1.0.2.Final.jar;C:\Users\Thibaut\.m2\repository\org\javassist\javassist\3.22.0-GA\javassist-3.22.0-GA.jar;C:\Users\Thibaut\.m2\repository\antlr\antlr\2.7.7\antlr-2.7.7.jar;C:\Users\Thibaut\.m2\repository\org\jboss\jandex\2.0.3.Final\jandex-2.0.3.Final.jar;C:\Users\Thibaut\.m2\repository\dom4j\dom4j\1.6.1\dom4j-1.6.1.jar;C:\Users\Thibaut\.m2\repository\org\hibernate\common\hibernate-commons-annotations\5.0.1.Final\hibernate-commons-annotations-5.0.1.Final.jar;C:\Users\Thibaut\.m2\repository\javax\transaction\javax.transaction-api\1.2\javax.transaction-api-1.2.jar;C:\Users\Thibaut\.m2\repository\org\springframework\spring-aspects\5.0.8.RELEASE\spring-aspects-5.0.8.RELEASE.jar;D:\Workspace\OpenclassroomsProjects\WhereToClimb\consumer\target\classes;C:\Users\Thibaut\.m2\repository\org\springframework\boot\spring-boot-starter\2.0.4.RELEASE\spring-boot-starter-2.0.4.RELEASE.jar;C:\Users\Thibaut\.m2\repository\org\springframework\boot\spring-boot\2.0.4.RELEASE\spring-boot-2.0.4.RELEASE.jar;C:\Users\Thibaut
Launcher Type: SUN_STANDARD

Logging:
Log output configuration:
#0: stdout all=warning uptime,level,tags
#1: stderr all=off uptime,level,tags

Environment Variables:
PATH=C:\Program Files (x86)\Common Files\Oracle\Java\javapath;C:\Program Files (x86)\Intel\iCLS Client\;C:\Program Files\Intel\iCLS Client\;C:\Windows\system32;C:\Windows;C:\Windows\System32\Wbem;C:\Windows\System32\WindowsPowerShell\v1.0\;C:\Program Files (x86)\Intel\Intel(R) Management Engine Components\DAL;C:\Program Files\Intel\Intel(R) Management Engine Components\DAL;C:\Program Files (x86)\Intel\Intel(R) Management Engine Components\IPT;C:\Program Files\Intel\Intel(R) Management Engine Components\IPT;C:\Program Files (x86)\NVIDIA Corporation\PhysX\Common;C:\Program Files\Java\jre-10.0.2\bin;C:\Program Files\Java\jdk-10.0.2\bin;C:\Program Files\Git\cmd;C:\WINDOWS\system32;C:\WINDOWS;C:\WINDOWS\System32\Wbem;C:\WINDOWS\System32\WindowsPowerShell\v1.0\;C:\WINDOWS\System32\OpenSSH\;D:\Dev\Language\framework\apache-maven-3.5.4\bin;C:\Program Files\nodejs\;C:\Program Files\PostgreSQL\10\bin;C:\Users\Thibaut\AppData\Local\Microsoft\WindowsApps;C:\Program Files\Java\jdk-10.0.2\bin;C:\Program Files\Java\jre-10.0.2\bin;D:\Dev\Language\framework\apache-maven-3.5.4\bin;C:\Users\Thibaut\AppData\Roaming\npm
USERNAME=Thibaut
OS=Windows_NT
PROCESSOR_IDENTIFIER=Intel64 Family 6 Model 158 Stepping 9, GenuineIntel



---------------  S Y S T E M  ---------------

OS: Windows 10 , 64 bit Build 17134 (10.0.17134.1)

CPU:total 4 (initial active 4) (4 cores per cpu, 1 threads per core) family 6 model 158 stepping 9, cmov, cx8, fxsr, mmx, sse, sse2, sse3, ssse3, sse4.1, sse4.2, popcnt, avx, avx2, aes, clmul, erms, 3dnowpref, lzcnt, tsc, tscinvbit, bmi1, bmi2, adx, fma

Memory: 4k page, physical 16660712k(6229944k free), swap 16660712k(5192k free)

vm_info: Java HotSpot(TM) 64-Bit Server VM (10.0.2+13) for windows-amd64 JRE (10.0.2+13), built on Jun 28 2018 01:57:56 by "mach5one" with MS VC++ 12.0 (VS2013)

END.
