#
# There is insufficient memory for the Java Runtime Environment to continue.
# Native memory allocation (mmap) failed to map 65536 bytes for Failed to commit area from 0x000002997ad80000 to 0x000002997ad90000 of length 65536.
# Possible reasons:
#   The system is out of physical RAM or swap space
#   The process is running with CompressedOops enabled, and the Java Heap may be blocking the growth of the native heap
# Possible solutions:
#   Reduce memory load on the system
#   Increase physical memory or swap space
#   Check if swap backing store is full
#   Decrease Java heap size (-Xmx/-Xms)
#   Decrease number of Java threads
#   Decrease Java thread stack sizes (-Xss)
#   Set larger code cache with -XX:ReservedCodeCacheSize=
# This output file may be truncated or incomplete.
#
#  Out of Memory Error (t:/workspace/open/src/hotspot/os/windows/os_windows.cpp:3221), pid=1460, tid=2984
#
# JRE version:  (10.0.2+13) (build )
# Java VM: Java HotSpot(TM) 64-Bit Server VM (10.0.2+13, mixed mode, aot, tiered, compressed oops, g1 gc, windows-amd64)
# No core dump will be written. Minidumps are not enabled by default on client versions of Windows
#

---------------  S U M M A R Y ------------

Command Line: -XX:TieredStopAtLevel=1 -Xverify:none -Dspring.output.ansi.enabled=always -Dcom.sun.management.jmxremote -Dcom.sun.management.jmxremote.port=59552 -Dcom.sun.management.jmxremote.authenticate=false -Dcom.sun.management.jmxremote.ssl=false -Djava.rmi.server.hostname=localhost -Dspring.liveBeansView.mbeanDomain -Dspring.application.admin.enabled=true -javaagent:C:\Program Files\JetBrains\IntelliJ IDEA 2018.1.3\lib\idea_rt.jar=59553:C:\Program Files\JetBrains\IntelliJ IDEA 2018.1.3\bin -Dfile.encoding=UTF-8 org.thibaut.wheretoclimb.webapp.demo.DemoApplication

Host: Intel(R) Core(TM) i5-7300HQ CPU @ 2.50GHz, 4 cores, 15G,  Windows 10 , 64 bit Build 17134 (10.0.17134.1)
Time: Mon Sep 03 18:48:09 2018 Paris, Madrid (heure d?été) elapsed time: 0 seconds (0d 0h 0m 0s)

---------------  T H R E A D  ---------------

Current thread (0x000002996a210000):  JavaThread "Unknown thread" [_thread_in_vm, id=2984, stack(0x000000ec31d00000,0x000000ec31e00000)]

Stack: [0x000000ec31d00000,0x000000ec31e00000]
Native frames: (J=compiled Java code, j=interpreted, Vv=VM code, C=native code)
V  [jvm.dll+0x5a01a9]
V  [jvm.dll+0x6bcf31]
V  [jvm.dll+0x6be126]
V  [jvm.dll+0x6be7b3]
V  [jvm.dll+0x234978]
V  [jvm.dll+0x59dac4]
V  [jvm.dll+0x592825]
V  [jvm.dll+0x2f632b]
V  [jvm.dll+0x2f6295]
V  [jvm.dll+0x2f6172]
V  [jvm.dll+0x2f8478]
V  [jvm.dll+0x3442b7]
V  [jvm.dll+0x3449a6]
V  [jvm.dll+0x344393]
V  [jvm.dll+0x2c4628]
V  [jvm.dll+0x2c5771]
V  [jvm.dll+0x69d1db]
V  [jvm.dll+0x69e9fc]
V  [jvm.dll+0x3519e9]
V  [jvm.dll+0x6856a2]
V  [jvm.dll+0x3ba0c3]
V  [jvm.dll+0x3bc261]
C  [java.exe+0x3531]
C  [java.exe+0xe1af]
C  [java.exe+0xe356]
C  [KERNEL32.DLL+0x13034]
C  [ntdll.dll+0x71431]


---------------  P R O C E S S  ---------------

Threads class SMR info:
_java_thread_list=0x00000299680812d0, length=0, elements={
}

Java Threads: ( => current thread )

Other Threads:
  0x000002996a229800 GCTaskThread "GC Thread#0" [stack: 0x000000ec31e00000,0x000000ec31f00000] [id=7000]
  0x000002996a22b000 GCTaskThread "GC Thread#1" [stack: 0x000000ec31f00000,0x000000ec32000000] [id=3548]
  0x000002996a22e800 GCTaskThread "GC Thread#2" [stack: 0x000000ec32000000,0x000000ec32100000] [id=9576]
  0x000002996a230800 GCTaskThread "GC Thread#3" [stack: 0x000000ec32100000,0x000000ec32200000] [id=3768]
  0x000002996a296000 ConcurrentGCThread "G1 Main Marker" [stack: 0x000000ec32200000,0x000000ec32300000] [id=1384]
  0x000002996a297000 ConcurrentGCThread "G1 Conc#0" [stack: 0x000000ec32300000,0x000000ec32400000] [id=12064]

[error occurred during error reporting (printing all threads), id 0xe0000002]

VM state:not at safepoint (not fully initialized)

VM Mutex/Monitor currently owned by a thread:  ([mutex/lock_event])
[0x000002996a20f110] Heap_lock - owner thread: 0x000002996a210000

Heap address: 0x00000006c1c00000, size: 4068 MB, Compressed Oops mode: Non-zero based: 0x00000006c1c00000
Narrow klass base: 0x0000000000000000, Narrow klass shift: 0

GC Heap History (0 events):
No events

Deoptimization events (0 events):
No events

Classes redefined (0 events):
No events

Internal exceptions (0 events):
No events

Events (0 events):
No events


Dynamic libraries:
0x00007ff73f540000 - 0x00007ff73f57e000 	C:\Program Files\Java\jdk-10.0.2\bin\java.exe
0x00007ffaa9c70000 - 0x00007ffaa9e51000 	C:\WINDOWS\SYSTEM32\ntdll.dll
0x00007ffaa9b80000 - 0x00007ffaa9c32000 	C:\WINDOWS\System32\KERNEL32.DLL
0x00007ffaa6140000 - 0x00007ffaa63b3000 	C:\WINDOWS\System32\KERNELBASE.dll
0x00007ffaa71c0000 - 0x00007ffaa7261000 	C:\WINDOWS\System32\ADVAPI32.dll
0x00007ffaa9a80000 - 0x00007ffaa9b1e000 	C:\WINDOWS\System32\msvcrt.dll
0x00007ffaa9560000 - 0x00007ffaa95bb000 	C:\WINDOWS\System32\sechost.dll
0x00007ffaa8c80000 - 0x00007ffaa8da4000 	C:\WINDOWS\System32\RPCRT4.dll
0x00007ffaa93b0000 - 0x00007ffaa9540000 	C:\WINDOWS\System32\USER32.dll
0x00007ffaa63c0000 - 0x00007ffaa63e0000 	C:\WINDOWS\System32\win32u.dll
0x00007ffaa8c50000 - 0x00007ffaa8c78000 	C:\WINDOWS\System32\GDI32.dll
0x00007ffaa6ee0000 - 0x00007ffaa7072000 	C:\WINDOWS\System32\gdi32full.dll
0x00007ffaa63e0000 - 0x00007ffaa647f000 	C:\WINDOWS\System32\msvcp_win.dll
0x00007ffaa6040000 - 0x00007ffaa613a000 	C:\WINDOWS\System32\ucrtbase.dll
0x00007ffa97470000 - 0x00007ffa976d9000 	C:\WINDOWS\WinSxS\amd64_microsoft.windows.common-controls_6595b64144ccf1df_6.0.17134.228_none_fb4599993062b194\COMCTL32.dll
0x00007ffaa8db0000 - 0x00007ffaa90d3000 	C:\WINDOWS\System32\combase.dll
0x00007ffaa0a90000 - 0x00007ffaa0a9a000 	C:\WINDOWS\SYSTEM32\VERSION.dll
0x00007ffaa7080000 - 0x00007ffaa70fa000 	C:\WINDOWS\System32\bcryptPrimitives.dll
0x00007ffaa7100000 - 0x00007ffaa712d000 	C:\WINDOWS\System32\IMM32.DLL
0x00007ffa85dc0000 - 0x00007ffa85eaf000 	C:\Program Files\Java\jdk-10.0.2\bin\msvcr120.dll
0x00007ffa77940000 - 0x00007ffa779e6000 	C:\Program Files\Java\jdk-10.0.2\bin\msvcp120.dll
0x000000006e300000 - 0x000000006ed70000 	C:\Program Files\Java\jdk-10.0.2\bin\server\jvm.dll
0x00007ffaa95c0000 - 0x00007ffaa95c8000 	C:\WINDOWS\System32\PSAPI.DLL
0x00007ffaa3d10000 - 0x00007ffaa3d33000 	C:\WINDOWS\SYSTEM32\WINMM.dll
0x00007ffa93190000 - 0x00007ffa93199000 	C:\WINDOWS\SYSTEM32\WSOCK32.dll
0x00007ffaa92a0000 - 0x00007ffaa930c000 	C:\WINDOWS\System32\WS2_32.dll
0x00007ffaa3cb0000 - 0x00007ffaa3cda000 	C:\WINDOWS\SYSTEM32\WINMMBASE.dll
0x00007ffaa6590000 - 0x00007ffaa65d9000 	C:\WINDOWS\System32\cfgmgr32.dll
0x00007ffaa3550000 - 0x00007ffaa355f000 	C:\Program Files\Java\jdk-10.0.2\bin\verify.dll
0x00007ffaa48a0000 - 0x00007ffaa4a69000 	C:\WINDOWS\SYSTEM32\DBGHELP.DLL
0x00007ffa953e0000 - 0x00007ffa95409000 	C:\WINDOWS\SYSTEM32\dbgcore.DLL
0x00007ffaa0610000 - 0x00007ffaa0637000 	C:\Program Files\Java\jdk-10.0.2\bin\java.dll
0x00007ffa9a960000 - 0x00007ffa9a98a000 	C:\Program Files\Java\jdk-10.0.2\bin\instrument.dll
0x00007ffaa05f0000 - 0x00007ffaa0606000 	C:\Program Files\Java\jdk-10.0.2\bin\zip.dll
0x00007ffaa3540000 - 0x00007ffaa354a000 	C:\Program Files\Java\jdk-10.0.2\bin\jimage.dll

dbghelp: loaded successfully - version: 4.0.5 - missing functions: none
symbol engine: initialized successfully - sym options: 0x614 - pdb path: .;C:\Program Files\Java\jdk-10.0.2\bin;C:\WINDOWS\SYSTEM32;C:\WINDOWS\WinSxS\amd64_microsoft.windows.common-controls_6595b64144ccf1df_6.0.17134.228_none_fb4599993062b194;C:\Program Files\Java\jdk-10.0.2\bin\server

VM Arguments:
jvm_args: -XX:TieredStopAtLevel=1 -Xverify:none -Dspring.output.ansi.enabled=always -Dcom.sun.management.jmxremote -Dcom.sun.management.jmxremote.port=59552 -Dcom.sun.management.jmxremote.authenticate=false -Dcom.sun.management.jmxremote.ssl=false -Djava.rmi.server.hostname=localhost -Dspring.liveBeansView.mbeanDomain -Dspring.application.admin.enabled=true -javaagent:C:\Program Files\JetBrains\IntelliJ IDEA 2018.1.3\lib\idea_rt.jar=59553:C:\Program Files\JetBrains\IntelliJ IDEA 2018.1.3\bin -Dfile.encoding=UTF-8 
java_command: org.thibaut.wheretoclimb.webapp.demo.DemoApplication
java_class_path (initial): D:\Workspace\OpenclassroomsProjects\WhereToClimb\webapp\target\classes;D:\Workspace\OpenclassroomsProjects\WhereToClimb\model\target\classes;C:\Users\Thibaut\.m2\repository\org\springframework\boot\spring-boot-starter-data-jpa\2.0.4.RELEASE\spring-boot-starter-data-jpa-2.0.4.RELEASE.jar;C:\Users\Thibaut\.m2\repository\org\springframework\boot\spring-boot-starter-aop\2.0.4.RELEASE\spring-boot-starter-aop-2.0.4.RELEASE.jar;C:\Users\Thibaut\.m2\repository\org\aspectj\aspectjweaver\1.8.13\aspectjweaver-1.8.13.jar;C:\Users\Thibaut\.m2\repository\org\springframework\boot\spring-boot-starter-jdbc\2.0.4.RELEASE\spring-boot-starter-jdbc-2.0.4.RELEASE.jar;C:\Users\Thibaut\.m2\repository\com\zaxxer\HikariCP\2.7.9\HikariCP-2.7.9.jar;C:\Users\Thibaut\.m2\repository\org\hibernate\hibernate-core\5.2.17.Final\hibernate-core-5.2.17.Final.jar;C:\Users\Thibaut\.m2\repository\org\hibernate\javax\persistence\hibernate-jpa-2.1-api\1.0.2.Final\hibernate-jpa-2.1-api-1.0.2.Final.jar;C:\Users\Thibaut\.m2\repository\org\javassist\javassist\3.22.0-GA\javassist-3.22.0-GA.jar;C:\Users\Thibaut\.m2\repository\antlr\antlr\2.7.7\antlr-2.7.7.jar;C:\Users\Thibaut\.m2\repository\org\jboss\jandex\2.0.3.Final\jandex-2.0.3.Final.jar;C:\Users\Thibaut\.m2\repository\dom4j\dom4j\1.6.1\dom4j-1.6.1.jar;C:\Users\Thibaut\.m2\repository\org\hibernate\common\hibernate-commons-annotations\5.0.1.Final\hibernate-commons-annotations-5.0.1.Final.jar;C:\Users\Thibaut\.m2\repository\javax\transaction\javax.transaction-api\1.2\javax.transaction-api-1.2.jar;C:\Users\Thibaut\.m2\repository\org\springframework\spring-aspects\5.0.8.RELEASE\spring-aspects-5.0.8.RELEASE.jar;D:\Workspace\OpenclassroomsProjects\WhereToClimb\consumer\target\classes;C:\Users\Thibaut\.m2\repository\org\springframework\boot\spring-boot-starter\2.0.4.RELEASE\spring-boot-starter-2.0.4.RELEASE.jar;C:\Users\Thibaut\.m2\repository\org\springframework\boot\spring-boot\2.0.4.RELEASE\spring-boot-2.0.4.RELEASE.jar;C:\Users\Thibaut
Launcher Type: SUN_STANDARD

Logging:
Log output configuration:
#0: stdout all=warning uptime,level,tags
#1: stderr all=off uptime,level,tags

Environment Variables:
PATH=C:\Program Files (x86)\Common Files\Oracle\Java\javapath;C:\Program Files (x86)\Intel\iCLS Client\;C:\Program Files\Intel\iCLS Client\;C:\Windows\system32;C:\Windows;C:\Windows\System32\Wbem;C:\Windows\System32\WindowsPowerShell\v1.0\;C:\Program Files (x86)\Intel\Intel(R) Management Engine Components\DAL;C:\Program Files\Intel\Intel(R) Management Engine Components\DAL;C:\Program Files (x86)\Intel\Intel(R) Management Engine Components\IPT;C:\Program Files\Intel\Intel(R) Management Engine Components\IPT;C:\Program Files (x86)\NVIDIA Corporation\PhysX\Common;C:\Program Files\Java\jre-10.0.2\bin;C:\Program Files\Java\jdk-10.0.2\bin;C:\Program Files\Git\cmd;C:\WINDOWS\system32;C:\WINDOWS;C:\WINDOWS\System32\Wbem;C:\WINDOWS\System32\WindowsPowerShell\v1.0\;C:\WINDOWS\System32\OpenSSH\;D:\Dev\Language\framework\apache-maven-3.5.4\bin;C:\Program Files\nodejs\;C:\Program Files\PostgreSQL\10\bin;C:\Users\Thibaut\AppData\Local\Microsoft\WindowsApps;C:\Program Files\Java\jdk-10.0.2\bin;C:\Program Files\Java\jre-10.0.2\bin;D:\Dev\Language\framework\apache-maven-3.5.4\bin;C:\Users\Thibaut\AppData\Roaming\npm
USERNAME=Thibaut
OS=Windows_NT
PROCESSOR_IDENTIFIER=Intel64 Family 6 Model 158 Stepping 9, GenuineIntel



---------------  S Y S T E M  ---------------

OS: Windows 10 , 64 bit Build 17134 (10.0.17134.1)

CPU:total 4 (initial active 4) (4 cores per cpu, 1 threads per core) family 6 model 158 stepping 9, cmov, cx8, fxsr, mmx, sse, sse2, sse3, ssse3, sse4.1, sse4.2, popcnt, avx, avx2, aes, clmul, erms, 3dnowpref, lzcnt, tsc, tscinvbit, bmi1, bmi2, adx, fma

Memory: 4k page, physical 16660712k(6516188k free), swap 16660712k(4116k free)

vm_info: Java HotSpot(TM) 64-Bit Server VM (10.0.2+13) for windows-amd64 JRE (10.0.2+13), built on Jun 28 2018 01:57:56 by "mach5one" with MS VC++ 12.0 (VS2013)

END.
